0 info it worked if it ends with ok
1 verbose cli [ '/usr/bin/node', '/usr/bin/npm', 'install', '-g', 'json-server' ]
2 info using npm@3.5.2
3 info using node@v8.10.0
4 silly loadCurrentTree Starting
5 silly install loadCurrentTree
6 silly install readGlobalPackageData
7 silly fetchPackageMetaData json-server
8 silly fetchNamedPackageData json-server
9 silly mapToRegistry name json-server
10 silly mapToRegistry using default registry
11 silly mapToRegistry registry https://registry.npmjs.org/
12 silly mapToRegistry uri https://registry.npmjs.org/json-server
13 verbose request uri https://registry.npmjs.org/json-server
14 verbose request no auth needed
15 info attempt registry request try #1 at 1:04:42 PM
16 verbose request id 74138473ec618037
17 http request GET https://registry.npmjs.org/json-server
18 http 200 https://registry.npmjs.org/json-server
19 verbose headers { date: 'Sat, 20 Feb 2021 21:04:41 GMT',
19 verbose headers   'content-type': 'application/json',
19 verbose headers   'transfer-encoding': 'chunked',
19 verbose headers   connection: 'keep-alive',
19 verbose headers   'set-cookie':
19 verbose headers    [ '__cfduid=d49af4736267a49503af140a2b50f2e391613855081; expires=Mon, 22-Mar-21 21:04:41 GMT; path=/; domain=.npmjs.org; HttpOnly; SameSite=Lax' ],
19 verbose headers   'cf-ray': '624b2e711c3cd32e-LAX',
19 verbose headers   age: '1484',
19 verbose headers   'cache-control': 'public, max-age=300',
19 verbose headers   etag: 'W/"59c646e2f88d03e4abc2053e17977748"',
19 verbose headers   'last-modified': 'Sun, 15 Nov 2020 22:57:45 GMT',
19 verbose headers   vary: 'accept-encoding, accept',
19 verbose headers   'cf-cache-status': 'HIT',
19 verbose headers   'cf-request-id': '0862db5aaf0000d32e8ca96000000001',
19 verbose headers   'expect-ct': 'max-age=604800, report-uri="https://report-uri.cloudflare.com/cdn-cgi/beacon/expect-ct"',
19 verbose headers   server: 'cloudflare',
19 verbose headers   'content-encoding': 'gzip' }
20 silly get cb [ 200,
20 silly get   { date: 'Sat, 20 Feb 2021 21:04:41 GMT',
20 silly get     'content-type': 'application/json',
20 silly get     'transfer-encoding': 'chunked',
20 silly get     connection: 'keep-alive',
20 silly get     'set-cookie':
20 silly get      [ '__cfduid=d49af4736267a49503af140a2b50f2e391613855081; expires=Mon, 22-Mar-21 21:04:41 GMT; path=/; domain=.npmjs.org; HttpOnly; SameSite=Lax' ],
20 silly get     'cf-ray': '624b2e711c3cd32e-LAX',
20 silly get     age: '1484',
20 silly get     'cache-control': 'public, max-age=300',
20 silly get     etag: 'W/"59c646e2f88d03e4abc2053e17977748"',
20 silly get     'last-modified': 'Sun, 15 Nov 2020 22:57:45 GMT',
20 silly get     vary: 'accept-encoding, accept',
20 silly get     'cf-cache-status': 'HIT',
20 silly get     'cf-request-id': '0862db5aaf0000d32e8ca96000000001',
20 silly get     'expect-ct': 'max-age=604800, report-uri="https://report-uri.cloudflare.com/cdn-cgi/beacon/expect-ct"',
20 silly get     server: 'cloudflare',
20 silly get     'content-encoding': 'gzip' } ]
21 verbose get saving json-server to /home/kaka/.npm/registry.npmjs.org/json-server/.cache.json
22 verbose makeDirectory /home/kaka/.npm creation not in flight; initializing
23 silly makeDirectory /home/kaka/.npm uid: 1000 gid: 1000
24 silly install normalizeTree
25 silly loadCurrentTree Finishing
26 silly loadIdealTree Starting
27 silly install loadIdealTree
28 silly cloneCurrentTree Starting
29 silly install cloneCurrentTreeToIdealTree
30 silly cloneCurrentTree Finishing
31 silly loadShrinkwrap Starting
32 silly install loadShrinkwrap
33 silly loadShrinkwrap Finishing
34 silly loadAllDepsIntoIdealTree Starting
35 silly install loadAllDepsIntoIdealTree
36 silly resolveWithNewModule json-server@0.16.3 checking installable status
37 silly cache add args [ 'json-server', null ]
38 verbose cache add spec json-server
39 silly cache add parsed spec Result {
39 silly cache add   raw: 'json-server',
39 silly cache add   scope: null,
39 silly cache add   name: 'json-server',
39 silly cache add   rawSpec: '',
39 silly cache add   spec: 'latest',
39 silly cache add   type: 'tag' }
40 silly addNamed json-server@latest
41 verbose addNamed "latest" is being treated as a dist-tag for json-server
42 info addNameTag [ 'json-server', 'latest' ]
43 silly mapToRegistry name json-server
44 silly mapToRegistry using default registry
45 silly mapToRegistry registry https://registry.npmjs.org/
46 silly mapToRegistry uri https://registry.npmjs.org/json-server
47 verbose addNameTag registry:https://registry.npmjs.org/json-server not in flight; fetching
48 verbose get https://registry.npmjs.org/json-server not expired, no request
49 silly addNameTag next cb for json-server with tag latest
50 silly addNamed json-server@0.16.3
51 verbose addNamed "0.16.3" is a plain semver version for json-server
52 silly mapToRegistry name json-server
53 silly mapToRegistry using default registry
54 silly mapToRegistry registry https://registry.npmjs.org/
55 silly mapToRegistry uri https://registry.npmjs.org/json-server
56 verbose addRemoteTarball https://registry.npmjs.org/json-server/-/json-server-0.16.3.tgz not in flight; adding
57 verbose addRemoteTarball [ 'https://registry.npmjs.org/json-server/-/json-server-0.16.3.tgz',
57 verbose addRemoteTarball   '75e0417bc346f5f221a74f4d2ce4b67f52204a8e' ]
58 info retry fetch attempt 1 at 1:04:42 PM
59 info attempt registry request try #1 at 1:04:42 PM
60 http fetch GET https://registry.npmjs.org/json-server/-/json-server-0.16.3.tgz
61 http fetch 200 https://registry.npmjs.org/json-server/-/json-server-0.16.3.tgz
62 silly fetchAndShaCheck shasum 75e0417bc346f5f221a74f4d2ce4b67f52204a8e
63 verbose addTmpTarball /tmp/npm-1956-6b00f1f6/registry.npmjs.org/json-server/-/json-server-0.16.3.tgz not in flight; adding
64 verbose addTmpTarball already have metadata; skipping unpack for json-server@0.16.3
65 silly cache afterAdd json-server@0.16.3
66 verbose afterAdd /home/kaka/.npm/json-server/0.16.3/package/package.json not in flight; writing
67 verbose afterAdd /home/kaka/.npm/json-server/0.16.3/package/package.json written
68 silly fetchNamedPackageData body-parser
69 silly mapToRegistry name body-parser
70 silly mapToRegistry using default registry
71 silly mapToRegistry registry https://registry.npmjs.org/
72 silly mapToRegistry uri https://registry.npmjs.org/body-parser
73 silly fetchNamedPackageData chalk
74 silly mapToRegistry name chalk
75 silly mapToRegistry using default registry
76 silly mapToRegistry registry https://registry.npmjs.org/
77 silly mapToRegistry uri https://registry.npmjs.org/chalk
78 silly fetchNamedPackageData compression
79 silly mapToRegistry name compression
80 silly mapToRegistry using default registry
81 silly mapToRegistry registry https://registry.npmjs.org/
82 silly mapToRegistry uri https://registry.npmjs.org/compression
83 silly fetchNamedPackageData connect-pause
84 silly mapToRegistry name connect-pause
85 silly mapToRegistry using default registry
86 silly mapToRegistry registry https://registry.npmjs.org/
87 silly mapToRegistry uri https://registry.npmjs.org/connect-pause
88 silly fetchNamedPackageData cors
89 silly mapToRegistry name cors
90 silly mapToRegistry using default registry
91 silly mapToRegistry registry https://registry.npmjs.org/
92 silly mapToRegistry uri https://registry.npmjs.org/cors
93 silly fetchNamedPackageData errorhandler
94 silly mapToRegistry name errorhandler
95 silly mapToRegistry using default registry
96 silly mapToRegistry registry https://registry.npmjs.org/
97 silly mapToRegistry uri https://registry.npmjs.org/errorhandler
98 silly fetchNamedPackageData express
99 silly mapToRegistry name express
100 silly mapToRegistry using default registry
101 silly mapToRegistry registry https://registry.npmjs.org/
102 silly mapToRegistry uri https://registry.npmjs.org/express
103 silly fetchNamedPackageData express-urlrewrite
104 silly mapToRegistry name express-urlrewrite
105 silly mapToRegistry using default registry
106 silly mapToRegistry registry https://registry.npmjs.org/
107 silly mapToRegistry uri https://registry.npmjs.org/express-urlrewrite
108 silly fetchNamedPackageData json-parse-helpfulerror
109 silly mapToRegistry name json-parse-helpfulerror
110 silly mapToRegistry using default registry
111 silly mapToRegistry registry https://registry.npmjs.org/
112 silly mapToRegistry uri https://registry.npmjs.org/json-parse-helpfulerror
113 silly fetchNamedPackageData lodash
114 silly mapToRegistry name lodash
115 silly mapToRegistry using default registry
116 silly mapToRegistry registry https://registry.npmjs.org/
117 silly mapToRegistry uri https://registry.npmjs.org/lodash
118 silly fetchNamedPackageData lodash-id
119 silly mapToRegistry name lodash-id
120 silly mapToRegistry using default registry
121 silly mapToRegistry registry https://registry.npmjs.org/
122 silly mapToRegistry uri https://registry.npmjs.org/lodash-id
123 silly fetchNamedPackageData lowdb
124 silly mapToRegistry name lowdb
125 silly mapToRegistry using default registry
126 silly mapToRegistry registry https://registry.npmjs.org/
127 silly mapToRegistry uri https://registry.npmjs.org/lowdb
128 silly fetchNamedPackageData method-override
129 silly mapToRegistry name method-override
130 silly mapToRegistry using default registry
131 silly mapToRegistry registry https://registry.npmjs.org/
132 silly mapToRegistry uri https://registry.npmjs.org/method-override
133 silly fetchNamedPackageData morgan
134 silly mapToRegistry name morgan
135 silly mapToRegistry using default registry
136 silly mapToRegistry registry https://registry.npmjs.org/
137 silly mapToRegistry uri https://registry.npmjs.org/morgan
138 silly fetchNamedPackageData nanoid
139 silly mapToRegistry name nanoid
140 silly mapToRegistry using default registry
141 silly mapToRegistry registry https://registry.npmjs.org/
142 silly mapToRegistry uri https://registry.npmjs.org/nanoid
143 silly fetchNamedPackageData please-upgrade-node
144 silly mapToRegistry name please-upgrade-node
145 silly mapToRegistry using default registry
146 silly mapToRegistry registry https://registry.npmjs.org/
147 silly mapToRegistry uri https://registry.npmjs.org/please-upgrade-node
148 silly fetchNamedPackageData pluralize
149 silly mapToRegistry name pluralize
150 silly mapToRegistry using default registry
151 silly mapToRegistry registry https://registry.npmjs.org/
152 silly mapToRegistry uri https://registry.npmjs.org/pluralize
153 silly fetchNamedPackageData server-destroy
154 silly mapToRegistry name server-destroy
155 silly mapToRegistry using default registry
156 silly mapToRegistry registry https://registry.npmjs.org/
157 silly mapToRegistry uri https://registry.npmjs.org/server-destroy
158 silly fetchNamedPackageData update-notifier
159 silly mapToRegistry name update-notifier
160 silly mapToRegistry using default registry
161 silly mapToRegistry registry https://registry.npmjs.org/
162 silly mapToRegistry uri https://registry.npmjs.org/update-notifier
163 silly fetchNamedPackageData yargs
164 silly mapToRegistry name yargs
165 silly mapToRegistry using default registry
166 silly mapToRegistry registry https://registry.npmjs.org/
167 silly mapToRegistry uri https://registry.npmjs.org/yargs
168 verbose request uri https://registry.npmjs.org/body-parser
169 verbose request no auth needed
170 info attempt registry request try #1 at 1:04:43 PM
171 http request GET https://registry.npmjs.org/body-parser
172 verbose request uri https://registry.npmjs.org/chalk
173 verbose request no auth needed
174 info attempt registry request try #1 at 1:04:43 PM
175 http request GET https://registry.npmjs.org/chalk
176 verbose request uri https://registry.npmjs.org/compression
177 verbose request no auth needed
178 info attempt registry request try #1 at 1:04:43 PM
179 http request GET https://registry.npmjs.org/compression
180 verbose request uri https://registry.npmjs.org/connect-pause
181 verbose request no auth needed
182 info attempt registry request try #1 at 1:04:43 PM
183 http request GET https://registry.npmjs.org/connect-pause
184 verbose request uri https://registry.npmjs.org/cors
185 verbose request no auth needed
186 info attempt registry request try #1 at 1:04:43 PM
187 http request GET https://registry.npmjs.org/cors
188 verbose request uri https://registry.npmjs.org/errorhandler
189 verbose request no auth needed
190 info attempt registry request try #1 at 1:04:43 PM
191 http request GET https://registry.npmjs.org/errorhandler
192 verbose request uri https://registry.npmjs.org/express
193 verbose request no auth needed
194 info attempt registry request try #1 at 1:04:43 PM
195 http request GET https://registry.npmjs.org/express
196 verbose request uri https://registry.npmjs.org/express-urlrewrite
197 verbose request no auth needed
198 info attempt registry request try #1 at 1:04:43 PM
199 http request GET https://registry.npmjs.org/express-urlrewrite
200 verbose request uri https://registry.npmjs.org/json-parse-helpfulerror
201 verbose request no auth needed
202 info attempt registry request try #1 at 1:04:43 PM
203 http request GET https://registry.npmjs.org/json-parse-helpfulerror
204 verbose request uri https://registry.npmjs.org/lodash
205 verbose request no auth needed
206 info attempt registry request try #1 at 1:04:43 PM
207 http request GET https://registry.npmjs.org/lodash
208 verbose request uri https://registry.npmjs.org/lodash-id
209 verbose request no auth needed
210 info attempt registry request try #1 at 1:04:43 PM
211 http request GET https://registry.npmjs.org/lodash-id
212 verbose request uri https://registry.npmjs.org/lowdb
213 verbose request no auth needed
214 info attempt registry request try #1 at 1:04:43 PM
215 http request GET https://registry.npmjs.org/lowdb
216 verbose request uri https://registry.npmjs.org/method-override
217 verbose request no auth needed
218 info attempt registry request try #1 at 1:04:43 PM
219 http request GET https://registry.npmjs.org/method-override
220 verbose request uri https://registry.npmjs.org/morgan
221 verbose request no auth needed
222 info attempt registry request try #1 at 1:04:43 PM
223 http request GET https://registry.npmjs.org/morgan
224 verbose request uri https://registry.npmjs.org/nanoid
225 verbose request no auth needed
226 info attempt registry request try #1 at 1:04:43 PM
227 http request GET https://registry.npmjs.org/nanoid
228 verbose request uri https://registry.npmjs.org/please-upgrade-node
229 verbose request no auth needed
230 info attempt registry request try #1 at 1:04:43 PM
231 http request GET https://registry.npmjs.org/please-upgrade-node
232 verbose request uri https://registry.npmjs.org/pluralize
233 verbose request no auth needed
234 info attempt registry request try #1 at 1:04:43 PM
235 http request GET https://registry.npmjs.org/pluralize
236 verbose request uri https://registry.npmjs.org/server-destroy
237 verbose request no auth needed
238 info attempt registry request try #1 at 1:04:43 PM
239 http request GET https://registry.npmjs.org/server-destroy
240 verbose request uri https://registry.npmjs.org/update-notifier
241 verbose request no auth needed
242 info attempt registry request try #1 at 1:04:43 PM
243 http request GET https://registry.npmjs.org/update-notifier
244 verbose request uri https://registry.npmjs.org/yargs
245 verbose request no auth needed
246 info attempt registry request try #1 at 1:04:43 PM
247 http request GET https://registry.npmjs.org/yargs
248 http 200 https://registry.npmjs.org/connect-pause
249 verbose headers { date: 'Sat, 20 Feb 2021 21:04:41 GMT',
249 verbose headers   'content-type': 'application/json; charset=UTF-8',
249 verbose headers   'transfer-encoding': 'chunked',
249 verbose headers   connection: 'keep-alive',
249 verbose headers   'set-cookie':
249 verbose headers    [ '__cfduid=dc1495cff96f6fe991f2d33adbae370641613855081; expires=Mon, 22-Mar-21 21:04:41 GMT; path=/; domain=.npmjs.org; HttpOnly; SameSite=Lax' ],
249 verbose headers   'cf-ray': '624b2e730e253673-LAX',
249 verbose headers   age: '1460',
249 verbose headers   'cache-control': 'public, max-age=300',
249 verbose headers   etag: 'W/"fa3a284edf3072f31af69939e9dbd171"',
249 verbose headers   'last-modified': 'Sat, 26 May 2018 20:44:19 GMT',
249 verbose headers   vary: 'accept-encoding, accept',
249 verbose headers   'cf-cache-status': 'HIT',
249 verbose headers   'cf-request-id': '0862db5be200003673d191c000000001',
249 verbose headers   'expect-ct': 'max-age=604800, report-uri="https://report-uri.cloudflare.com/cdn-cgi/beacon/expect-ct"',
249 verbose headers   server: 'cloudflare',
249 verbose headers   'content-encoding': 'gzip' }
250 silly get cb [ 200,
250 silly get   { date: 'Sat, 20 Feb 2021 21:04:41 GMT',
250 silly get     'content-type': 'application/json; charset=UTF-8',
250 silly get     'transfer-encoding': 'chunked',
250 silly get     connection: 'keep-alive',
250 silly get     'set-cookie':
250 silly get      [ '__cfduid=dc1495cff96f6fe991f2d33adbae370641613855081; expires=Mon, 22-Mar-21 21:04:41 GMT; path=/; domain=.npmjs.org; HttpOnly; SameSite=Lax' ],
250 silly get     'cf-ray': '624b2e730e253673-LAX',
250 silly get     age: '1460',
250 silly get     'cache-control': 'public, max-age=300',
250 silly get     etag: 'W/"fa3a284edf3072f31af69939e9dbd171"',
250 silly get     'last-modified': 'Sat, 26 May 2018 20:44:19 GMT',
250 silly get     vary: 'accept-encoding, accept',
250 silly get     'cf-cache-status': 'HIT',
250 silly get     'cf-request-id': '0862db5be200003673d191c000000001',
250 silly get     'expect-ct': 'max-age=604800, report-uri="https://report-uri.cloudflare.com/cdn-cgi/beacon/expect-ct"',
250 silly get     server: 'cloudflare',
250 silly get     'content-encoding': 'gzip' } ]
251 verbose get saving connect-pause to /home/kaka/.npm/registry.npmjs.org/connect-pause/.cache.json
252 http 200 https://registry.npmjs.org/express-urlrewrite
253 verbose headers { date: 'Sat, 20 Feb 2021 21:04:41 GMT',
253 verbose headers   'content-type': 'application/json',
253 verbose headers   'transfer-encoding': 'chunked',
253 verbose headers   connection: 'keep-alive',
253 verbose headers   'set-cookie':
253 verbose headers    [ '__cfduid=dd54bdc590405a9e10a1912fecc459fc21613855081; expires=Mon, 22-Mar-21 21:04:41 GMT; path=/; domain=.npmjs.org; HttpOnly; SameSite=Lax' ],
253 verbose headers   'cf-ray': '624b2e735fefeb3d-LAX',
253 verbose headers   age: '1460',
253 verbose headers   'cache-control': 'public, max-age=300',
253 verbose headers   etag: 'W/"f04903e360170d6dd9011991e5939a11"',
253 verbose headers   'last-modified': 'Fri, 18 Dec 2020 07:47:10 GMT',
253 verbose headers   vary: 'accept-encoding, accept',
253 verbose headers   'cf-cache-status': 'HIT',
253 verbose headers   'cf-request-id': '0862db5c130000eb3d270bf000000001',
253 verbose headers   'expect-ct': 'max-age=604800, report-uri="https://report-uri.cloudflare.com/cdn-cgi/beacon/expect-ct"',
253 verbose headers   server: 'cloudflare',
253 verbose headers   'content-encoding': 'gzip' }
254 silly get cb [ 200,
254 silly get   { date: 'Sat, 20 Feb 2021 21:04:41 GMT',
254 silly get     'content-type': 'application/json',
254 silly get     'transfer-encoding': 'chunked',
254 silly get     connection: 'keep-alive',
254 silly get     'set-cookie':
254 silly get      [ '__cfduid=dd54bdc590405a9e10a1912fecc459fc21613855081; expires=Mon, 22-Mar-21 21:04:41 GMT; path=/; domain=.npmjs.org; HttpOnly; SameSite=Lax' ],
254 silly get     'cf-ray': '624b2e735fefeb3d-LAX',
254 silly get     age: '1460',
254 silly get     'cache-control': 'public, max-age=300',
254 silly get     etag: 'W/"f04903e360170d6dd9011991e5939a11"',
254 silly get     'last-modified': 'Fri, 18 Dec 2020 07:47:10 GMT',
254 silly get     vary: 'accept-encoding, accept',
254 silly get     'cf-cache-status': 'HIT',
254 silly get     'cf-request-id': '0862db5c130000eb3d270bf000000001',
254 silly get     'expect-ct': 'max-age=604800, report-uri="https://report-uri.cloudflare.com/cdn-cgi/beacon/expect-ct"',
254 silly get     server: 'cloudflare',
254 silly get     'content-encoding': 'gzip' } ]
255 verbose get saving express-urlrewrite to /home/kaka/.npm/registry.npmjs.org/express-urlrewrite/.cache.json
256 http 200 https://registry.npmjs.org/cors
257 verbose headers { date: 'Sat, 20 Feb 2021 21:04:41 GMT',
257 verbose headers   'content-type': 'application/json',
257 verbose headers   'transfer-encoding': 'chunked',
257 verbose headers   connection: 'keep-alive',
257 verbose headers   'set-cookie':
257 verbose headers    [ '__cfduid=d31eacd52a95c02991347b4825626c54c1613855081; expires=Mon, 22-Mar-21 21:04:41 GMT; path=/; domain=.npmjs.org; HttpOnly; SameSite=Lax' ],
257 verbose headers   'cf-ray': '624b2e7308380568-LAX',
257 verbose headers   age: '5425',
257 verbose headers   'cache-control': 'public, max-age=300',
257 verbose headers   etag: 'W/"158c1c99bef274f24886ea063ec191c5"',
257 verbose headers   'last-modified': 'Fri, 22 Jan 2021 21:18:44 GMT',
257 verbose headers   vary: 'accept-encoding, accept',
257 verbose headers   'cf-cache-status': 'HIT',
257 verbose headers   'cf-request-id': '0862db5be900000568e5a4f000000001',
257 verbose headers   'expect-ct': 'max-age=604800, report-uri="https://report-uri.cloudflare.com/cdn-cgi/beacon/expect-ct"',
257 verbose headers   server: 'cloudflare',
257 verbose headers   'content-encoding': 'gzip' }
258 silly get cb [ 200,
258 silly get   { date: 'Sat, 20 Feb 2021 21:04:41 GMT',
258 silly get     'content-type': 'application/json',
258 silly get     'transfer-encoding': 'chunked',
258 silly get     connection: 'keep-alive',
258 silly get     'set-cookie':
258 silly get      [ '__cfduid=d31eacd52a95c02991347b4825626c54c1613855081; expires=Mon, 22-Mar-21 21:04:41 GMT; path=/; domain=.npmjs.org; HttpOnly; SameSite=Lax' ],
258 silly get     'cf-ray': '624b2e7308380568-LAX',
258 silly get     age: '5425',
258 silly get     'cache-control': 'public, max-age=300',
258 silly get     etag: 'W/"158c1c99bef274f24886ea063ec191c5"',
258 silly get     'last-modified': 'Fri, 22 Jan 2021 21:18:44 GMT',
258 silly get     vary: 'accept-encoding, accept',
258 silly get     'cf-cache-status': 'HIT',
258 silly get     'cf-request-id': '0862db5be900000568e5a4f000000001',
258 silly get     'expect-ct': 'max-age=604800, report-uri="https://report-uri.cloudflare.com/cdn-cgi/beacon/expect-ct"',
258 silly get     server: 'cloudflare',
258 silly get     'content-encoding': 'gzip' } ]
259 verbose get saving cors to /home/kaka/.npm/registry.npmjs.org/cors/.cache.json
260 http 200 https://registry.npmjs.org/compression
261 verbose headers { date: 'Sat, 20 Feb 2021 21:04:41 GMT',
261 verbose headers   'content-type': 'application/json',
261 verbose headers   'transfer-encoding': 'chunked',
261 verbose headers   connection: 'keep-alive',
261 verbose headers   'set-cookie':
261 verbose headers    [ '__cfduid=d3dc5118355efae06c343ba01b76f3b9d1613855081; expires=Mon, 22-Mar-21 21:04:41 GMT; path=/; domain=.npmjs.org; HttpOnly; SameSite=Lax' ],
261 verbose headers   'cf-ray': '624b2e732ef7ebb9-LAX',
261 verbose headers   age: '6057',
261 verbose headers   'cache-control': 'public, max-age=300',
261 verbose headers   etag: 'W/"f7d2ad9a2b003e80b56c8f5722459a23"',
261 verbose headers   'last-modified': 'Sat, 21 Sep 2019 18:45:08 GMT',
261 verbose headers   vary: 'accept-encoding, accept',
261 verbose headers   'cf-cache-status': 'HIT',
261 verbose headers   'cf-request-id': '0862db5bf90000ebb9a8ad0000000001',
261 verbose headers   'expect-ct': 'max-age=604800, report-uri="https://report-uri.cloudflare.com/cdn-cgi/beacon/expect-ct"',
261 verbose headers   server: 'cloudflare',
261 verbose headers   'content-encoding': 'gzip' }
262 silly get cb [ 200,
262 silly get   { date: 'Sat, 20 Feb 2021 21:04:41 GMT',
262 silly get     'content-type': 'application/json',
262 silly get     'transfer-encoding': 'chunked',
262 silly get     connection: 'keep-alive',
262 silly get     'set-cookie':
262 silly get      [ '__cfduid=d3dc5118355efae06c343ba01b76f3b9d1613855081; expires=Mon, 22-Mar-21 21:04:41 GMT; path=/; domain=.npmjs.org; HttpOnly; SameSite=Lax' ],
262 silly get     'cf-ray': '624b2e732ef7ebb9-LAX',
262 silly get     age: '6057',
262 silly get     'cache-control': 'public, max-age=300',
262 silly get     etag: 'W/"f7d2ad9a2b003e80b56c8f5722459a23"',
262 silly get     'last-modified': 'Sat, 21 Sep 2019 18:45:08 GMT',
262 silly get     vary: 'accept-encoding, accept',
262 silly get     'cf-cache-status': 'HIT',
262 silly get     'cf-request-id': '0862db5bf90000ebb9a8ad0000000001',
262 silly get     'expect-ct': 'max-age=604800, report-uri="https://report-uri.cloudflare.com/cdn-cgi/beacon/expect-ct"',
262 silly get     server: 'cloudflare',
262 silly get     'content-encoding': 'gzip' } ]
263 verbose get saving compression to /home/kaka/.npm/registry.npmjs.org/compression/.cache.json
264 http 200 https://registry.npmjs.org/chalk
265 verbose headers { date: 'Sat, 20 Feb 2021 21:04:41 GMT',
265 verbose headers   'content-type': 'application/json',
265 verbose headers   'transfer-encoding': 'chunked',
265 verbose headers   connection: 'keep-alive',
265 verbose headers   'set-cookie':
265 verbose headers    [ '__cfduid=dc5afc2307ad37dfa6399a3e3d977dd9d1613855081; expires=Mon, 22-Mar-21 21:04:41 GMT; path=/; domain=.npmjs.org; HttpOnly; SameSite=Lax' ],
265 verbose headers   'cf-ray': '624b2e733c2ce502-LAX',
265 verbose headers   age: '2950',
265 verbose headers   'cache-control': 'public, max-age=300',
265 verbose headers   etag: 'W/"ee1019564dc1c941779ddd87d995fd88"',
265 verbose headers   'last-modified': 'Thu, 11 Feb 2021 00:27:32 GMT',
265 verbose headers   vary: 'accept-encoding, accept',
265 verbose headers   'cf-cache-status': 'HIT',
265 verbose headers   'cf-request-id': '0862db5bfe0000e502a98cc000000001',
265 verbose headers   'expect-ct': 'max-age=604800, report-uri="https://report-uri.cloudflare.com/cdn-cgi/beacon/expect-ct"',
265 verbose headers   server: 'cloudflare',
265 verbose headers   'content-encoding': 'gzip' }
266 silly get cb [ 200,
266 silly get   { date: 'Sat, 20 Feb 2021 21:04:41 GMT',
266 silly get     'content-type': 'application/json',
266 silly get     'transfer-encoding': 'chunked',
266 silly get     connection: 'keep-alive',
266 silly get     'set-cookie':
266 silly get      [ '__cfduid=dc5afc2307ad37dfa6399a3e3d977dd9d1613855081; expires=Mon, 22-Mar-21 21:04:41 GMT; path=/; domain=.npmjs.org; HttpOnly; SameSite=Lax' ],
266 silly get     'cf-ray': '624b2e733c2ce502-LAX',
266 silly get     age: '2950',
266 silly get     'cache-control': 'public, max-age=300',
266 silly get     etag: 'W/"ee1019564dc1c941779ddd87d995fd88"',
266 silly get     'last-modified': 'Thu, 11 Feb 2021 00:27:32 GMT',
266 silly get     vary: 'accept-encoding, accept',
266 silly get     'cf-cache-status': 'HIT',
266 silly get     'cf-request-id': '0862db5bfe0000e502a98cc000000001',
266 silly get     'expect-ct': 'max-age=604800, report-uri="https://report-uri.cloudflare.com/cdn-cgi/beacon/expect-ct"',
266 silly get     server: 'cloudflare',
266 silly get     'content-encoding': 'gzip' } ]
267 verbose get saving chalk to /home/kaka/.npm/registry.npmjs.org/chalk/.cache.json
268 http 200 https://registry.npmjs.org/errorhandler
269 verbose headers { date: 'Sat, 20 Feb 2021 21:04:41 GMT',
269 verbose headers   'content-type': 'application/json',
269 verbose headers   'transfer-encoding': 'chunked',
269 verbose headers   connection: 'keep-alive',
269 verbose headers   'set-cookie':
269 verbose headers    [ '__cfduid=d8c5c6c23497a1ffb0bd0b54f9e6aec271613855081; expires=Mon, 22-Mar-21 21:04:41 GMT; path=/; domain=.npmjs.org; HttpOnly; SameSite=Lax' ],
269 verbose headers   'cf-ray': '624b2e735fd3eb0c-LAX',
269 verbose headers   age: '4418',
269 verbose headers   'cache-control': 'public, max-age=300',
269 verbose headers   etag: 'W/"7cb03acd961b28a432a4e8d8d70a568d"',
269 verbose headers   'last-modified': 'Wed, 19 Jun 2019 19:46:20 GMT',
269 verbose headers   vary: 'accept-encoding, accept',
269 verbose headers   'cf-cache-status': 'HIT',
269 verbose headers   'cf-request-id': '0862db5c170000eb0cbc182000000001',
269 verbose headers   'expect-ct': 'max-age=604800, report-uri="https://report-uri.cloudflare.com/cdn-cgi/beacon/expect-ct"',
269 verbose headers   server: 'cloudflare',
269 verbose headers   'content-encoding': 'gzip' }
270 silly get cb [ 200,
270 silly get   { date: 'Sat, 20 Feb 2021 21:04:41 GMT',
270 silly get     'content-type': 'application/json',
270 silly get     'transfer-encoding': 'chunked',
270 silly get     connection: 'keep-alive',
270 silly get     'set-cookie':
270 silly get      [ '__cfduid=d8c5c6c23497a1ffb0bd0b54f9e6aec271613855081; expires=Mon, 22-Mar-21 21:04:41 GMT; path=/; domain=.npmjs.org; HttpOnly; SameSite=Lax' ],
270 silly get     'cf-ray': '624b2e735fd3eb0c-LAX',
270 silly get     age: '4418',
270 silly get     'cache-control': 'public, max-age=300',
270 silly get     etag: 'W/"7cb03acd961b28a432a4e8d8d70a568d"',
270 silly get     'last-modified': 'Wed, 19 Jun 2019 19:46:20 GMT',
270 silly get     vary: 'accept-encoding, accept',
270 silly get     'cf-cache-status': 'HIT',
270 silly get     'cf-request-id': '0862db5c170000eb0cbc182000000001',
270 silly get     'expect-ct': 'max-age=604800, report-uri="https://report-uri.cloudflare.com/cdn-cgi/beacon/expect-ct"',
270 silly get     server: 'cloudflare',
270 silly get     'content-encoding': 'gzip' } ]
271 verbose get saving errorhandler to /home/kaka/.npm/registry.npmjs.org/errorhandler/.cache.json
272 http 200 https://registry.npmjs.org/body-parser
273 verbose headers { date: 'Sat, 20 Feb 2021 21:04:41 GMT',
273 verbose headers   'content-type': 'application/json',
273 verbose headers   'transfer-encoding': 'chunked',
273 verbose headers   connection: 'keep-alive',
273 verbose headers   'set-cookie':
273 verbose headers    [ '__cfduid=d49af4736267a49503af140a2b50f2e391613855081; expires=Mon, 22-Mar-21 21:04:41 GMT; path=/; domain=.npmjs.org; HttpOnly; SameSite=Lax' ],
273 verbose headers   'cf-ray': '624b2e72bf24d32e-LAX',
273 verbose headers   age: '1083',
273 verbose headers   'cache-control': 'public, max-age=300',
273 verbose headers   etag: 'W/"69165633b8917311c8a5b29b5aa3a438"',
273 verbose headers   'last-modified': 'Fri, 29 Nov 2019 09:32:45 GMT',
273 verbose headers   vary: 'accept-encoding, accept',
273 verbose headers   'cf-cache-status': 'HIT',
273 verbose headers   'cf-request-id': '0862db5bb30000d32ec91dd000000001',
273 verbose headers   'expect-ct': 'max-age=604800, report-uri="https://report-uri.cloudflare.com/cdn-cgi/beacon/expect-ct"',
273 verbose headers   server: 'cloudflare',
273 verbose headers   'content-encoding': 'gzip' }
274 silly get cb [ 200,
274 silly get   { date: 'Sat, 20 Feb 2021 21:04:41 GMT',
274 silly get     'content-type': 'application/json',
274 silly get     'transfer-encoding': 'chunked',
274 silly get     connection: 'keep-alive',
274 silly get     'set-cookie':
274 silly get      [ '__cfduid=d49af4736267a49503af140a2b50f2e391613855081; expires=Mon, 22-Mar-21 21:04:41 GMT; path=/; domain=.npmjs.org; HttpOnly; SameSite=Lax' ],
274 silly get     'cf-ray': '624b2e72bf24d32e-LAX',
274 silly get     age: '1083',
274 silly get     'cache-control': 'public, max-age=300',
274 silly get     etag: 'W/"69165633b8917311c8a5b29b5aa3a438"',
274 silly get     'last-modified': 'Fri, 29 Nov 2019 09:32:45 GMT',
274 silly get     vary: 'accept-encoding, accept',
274 silly get     'cf-cache-status': 'HIT',
274 silly get     'cf-request-id': '0862db5bb30000d32ec91dd000000001',
274 silly get     'expect-ct': 'max-age=604800, report-uri="https://report-uri.cloudflare.com/cdn-cgi/beacon/expect-ct"',
274 silly get     server: 'cloudflare',
274 silly get     'content-encoding': 'gzip' } ]
275 verbose get saving body-parser to /home/kaka/.npm/registry.npmjs.org/body-parser/.cache.json
276 http 200 https://registry.npmjs.org/lodash-id
277 verbose headers { date: 'Sat, 20 Feb 2021 21:04:41 GMT',
277 verbose headers   'content-type': 'application/json; charset=UTF-8',
277 verbose headers   'transfer-encoding': 'chunked',
277 verbose headers   connection: 'keep-alive',
277 verbose headers   'set-cookie':
277 verbose headers    [ '__cfduid=d18b023a657f9066274ca673de4273b261613855081; expires=Mon, 22-Mar-21 21:04:41 GMT; path=/; domain=.npmjs.org; HttpOnly; SameSite=Lax' ],
277 verbose headers   'cf-ray': '624b2e737fae0599-LAX',
277 verbose headers   age: '1460',
277 verbose headers   'cache-control': 'public, max-age=300',
277 verbose headers   etag: 'W/"1d9f5f008d35b70d05a51b4fafdbcaae"',
277 verbose headers   'last-modified': 'Sun, 27 May 2018 06:57:53 GMT',
277 verbose headers   vary: 'accept-encoding, accept',
277 verbose headers   'cf-cache-status': 'HIT',
277 verbose headers   'cf-request-id': '0862db5c290000059928b7e000000001',
277 verbose headers   'expect-ct': 'max-age=604800, report-uri="https://report-uri.cloudflare.com/cdn-cgi/beacon/expect-ct"',
277 verbose headers   server: 'cloudflare',
277 verbose headers   'content-encoding': 'gzip' }
278 silly get cb [ 200,
278 silly get   { date: 'Sat, 20 Feb 2021 21:04:41 GMT',
278 silly get     'content-type': 'application/json; charset=UTF-8',
278 silly get     'transfer-encoding': 'chunked',
278 silly get     connection: 'keep-alive',
278 silly get     'set-cookie':
278 silly get      [ '__cfduid=d18b023a657f9066274ca673de4273b261613855081; expires=Mon, 22-Mar-21 21:04:41 GMT; path=/; domain=.npmjs.org; HttpOnly; SameSite=Lax' ],
278 silly get     'cf-ray': '624b2e737fae0599-LAX',
278 silly get     age: '1460',
278 silly get     'cache-control': 'public, max-age=300',
278 silly get     etag: 'W/"1d9f5f008d35b70d05a51b4fafdbcaae"',
278 silly get     'last-modified': 'Sun, 27 May 2018 06:57:53 GMT',
278 silly get     vary: 'accept-encoding, accept',
278 silly get     'cf-cache-status': 'HIT',
278 silly get     'cf-request-id': '0862db5c290000059928b7e000000001',
278 silly get     'expect-ct': 'max-age=604800, report-uri="https://report-uri.cloudflare.com/cdn-cgi/beacon/expect-ct"',
278 silly get     server: 'cloudflare',
278 silly get     'content-encoding': 'gzip' } ]
279 verbose get saving lodash-id to /home/kaka/.npm/registry.npmjs.org/lodash-id/.cache.json
280 silly resolveWithNewModule connect-pause@0.1.1 checking installable status
281 silly cache add args [ 'connect-pause@^0.1.1', null ]
282 verbose cache add spec connect-pause@^0.1.1
283 silly cache add parsed spec Result {
283 silly cache add   raw: 'connect-pause@^0.1.1',
283 silly cache add   scope: null,
283 silly cache add   name: 'connect-pause',
283 silly cache add   rawSpec: '^0.1.1',
283 silly cache add   spec: '>=0.1.1 <0.2.0',
283 silly cache add   type: 'range' }
284 silly addNamed connect-pause@>=0.1.1 <0.2.0
285 verbose addNamed ">=0.1.1 <0.2.0" is a valid semver range for connect-pause
286 silly addNameRange { name: 'connect-pause',
286 silly addNameRange   range: '>=0.1.1 <0.2.0',
286 silly addNameRange   hasData: false }
287 silly mapToRegistry name connect-pause
288 silly mapToRegistry using default registry
289 silly mapToRegistry registry https://registry.npmjs.org/
290 silly mapToRegistry uri https://registry.npmjs.org/connect-pause
291 verbose addNameRange registry:https://registry.npmjs.org/connect-pause not in flight; fetching
292 silly resolveWithNewModule express-urlrewrite@1.4.0 checking installable status
293 silly cache add args [ 'express-urlrewrite@^1.3.0', null ]
294 verbose cache add spec express-urlrewrite@^1.3.0
295 silly cache add parsed spec Result {
295 silly cache add   raw: 'express-urlrewrite@^1.3.0',
295 silly cache add   scope: null,
295 silly cache add   name: 'express-urlrewrite',
295 silly cache add   rawSpec: '^1.3.0',
295 silly cache add   spec: '>=1.3.0 <2.0.0',
295 silly cache add   type: 'range' }
296 silly addNamed express-urlrewrite@>=1.3.0 <2.0.0
297 verbose addNamed ">=1.3.0 <2.0.0" is a valid semver range for express-urlrewrite
298 silly addNameRange { name: 'express-urlrewrite',
298 silly addNameRange   range: '>=1.3.0 <2.0.0',
298 silly addNameRange   hasData: false }
299 silly mapToRegistry name express-urlrewrite
300 silly mapToRegistry using default registry
301 silly mapToRegistry registry https://registry.npmjs.org/
302 silly mapToRegistry uri https://registry.npmjs.org/express-urlrewrite
303 verbose addNameRange registry:https://registry.npmjs.org/express-urlrewrite not in flight; fetching
304 http 200 https://registry.npmjs.org/lodash
305 verbose headers { date: 'Sat, 20 Feb 2021 21:04:41 GMT',
305 verbose headers   'content-type': 'application/json',
305 verbose headers   'transfer-encoding': 'chunked',
305 verbose headers   connection: 'keep-alive',
305 verbose headers   'set-cookie':
305 verbose headers    [ '__cfduid=dd5c8f65d59eb13ceecb312910014eef81613855081; expires=Mon, 22-Mar-21 21:04:41 GMT; path=/; domain=.npmjs.org; HttpOnly; SameSite=Lax' ],
305 verbose headers   'cf-ray': '624b2e7358e1eb51-LAX',
305 verbose headers   age: '4159',
305 verbose headers   'cache-control': 'public, max-age=300',
305 verbose headers   etag: 'W/"73dca0aa964842dd6c8736687c3fe970"',
305 verbose headers   'last-modified': 'Sat, 20 Feb 2021 15:42:21 GMT',
305 verbose headers   vary: 'accept-encoding, accept',
305 verbose headers   'cf-cache-status': 'HIT',
305 verbose headers   'cf-request-id': '0862db5c120000eb51c007a000000001',
305 verbose headers   'expect-ct': 'max-age=604800, report-uri="https://report-uri.cloudflare.com/cdn-cgi/beacon/expect-ct"',
305 verbose headers   server: 'cloudflare',
305 verbose headers   'content-encoding': 'gzip' }
306 silly get cb [ 200,
306 silly get   { date: 'Sat, 20 Feb 2021 21:04:41 GMT',
306 silly get     'content-type': 'application/json',
306 silly get     'transfer-encoding': 'chunked',
306 silly get     connection: 'keep-alive',
306 silly get     'set-cookie':
306 silly get      [ '__cfduid=dd5c8f65d59eb13ceecb312910014eef81613855081; expires=Mon, 22-Mar-21 21:04:41 GMT; path=/; domain=.npmjs.org; HttpOnly; SameSite=Lax' ],
306 silly get     'cf-ray': '624b2e7358e1eb51-LAX',
306 silly get     age: '4159',
306 silly get     'cache-control': 'public, max-age=300',
306 silly get     etag: 'W/"73dca0aa964842dd6c8736687c3fe970"',
306 silly get     'last-modified': 'Sat, 20 Feb 2021 15:42:21 GMT',
306 silly get     vary: 'accept-encoding, accept',
306 silly get     'cf-cache-status': 'HIT',
306 silly get     'cf-request-id': '0862db5c120000eb51c007a000000001',
306 silly get     'expect-ct': 'max-age=604800, report-uri="https://report-uri.cloudflare.com/cdn-cgi/beacon/expect-ct"',
306 silly get     server: 'cloudflare',
306 silly get     'content-encoding': 'gzip' } ]
307 verbose get saving lodash to /home/kaka/.npm/registry.npmjs.org/lodash/.cache.json
308 silly resolveWithNewModule cors@2.8.5 checking installable status
309 silly cache add args [ 'cors@^2.8.5', null ]
310 verbose cache add spec cors@^2.8.5
311 silly cache add parsed spec Result {
311 silly cache add   raw: 'cors@^2.8.5',
311 silly cache add   scope: null,
311 silly cache add   name: 'cors',
311 silly cache add   rawSpec: '^2.8.5',
311 silly cache add   spec: '>=2.8.5 <3.0.0',
311 silly cache add   type: 'range' }
312 silly addNamed cors@>=2.8.5 <3.0.0
313 verbose addNamed ">=2.8.5 <3.0.0" is a valid semver range for cors
314 silly addNameRange { name: 'cors', range: '>=2.8.5 <3.0.0', hasData: false }
315 silly mapToRegistry name cors
316 silly mapToRegistry using default registry
317 silly mapToRegistry registry https://registry.npmjs.org/
318 silly mapToRegistry uri https://registry.npmjs.org/cors
319 verbose addNameRange registry:https://registry.npmjs.org/cors not in flight; fetching
320 silly resolveWithNewModule compression@1.7.4 checking installable status
321 silly cache add args [ 'compression@^1.7.4', null ]
322 verbose cache add spec compression@^1.7.4
323 silly cache add parsed spec Result {
323 silly cache add   raw: 'compression@^1.7.4',
323 silly cache add   scope: null,
323 silly cache add   name: 'compression',
323 silly cache add   rawSpec: '^1.7.4',
323 silly cache add   spec: '>=1.7.4 <2.0.0',
323 silly cache add   type: 'range' }
324 silly addNamed compression@>=1.7.4 <2.0.0
325 verbose addNamed ">=1.7.4 <2.0.0" is a valid semver range for compression
326 silly addNameRange { name: 'compression', range: '>=1.7.4 <2.0.0', hasData: false }
327 silly mapToRegistry name compression
328 silly mapToRegistry using default registry
329 silly mapToRegistry registry https://registry.npmjs.org/
330 silly mapToRegistry uri https://registry.npmjs.org/compression
331 verbose addNameRange registry:https://registry.npmjs.org/compression not in flight; fetching
332 verbose get https://registry.npmjs.org/connect-pause not expired, no request
333 silly addNameRange number 2 { name: 'connect-pause', range: '>=0.1.1 <0.2.0', hasData: true }
334 silly addNameRange versions [ 'connect-pause', [ '0.1.1', '0.1.0' ] ]
335 silly addNamed connect-pause@0.1.1
336 verbose addNamed "0.1.1" is a plain semver version for connect-pause
337 http 200 https://registry.npmjs.org/method-override
338 verbose headers { date: 'Sat, 20 Feb 2021 21:04:41 GMT',
338 verbose headers   'content-type': 'application/json',
338 verbose headers   'transfer-encoding': 'chunked',
338 verbose headers   connection: 'keep-alive',
338 verbose headers   'set-cookie':
338 verbose headers    [ '__cfduid=dae316b09d6b9f128bd6e2f35e653fa821613855081; expires=Mon, 22-Mar-21 21:04:41 GMT; path=/; domain=.npmjs.org; HttpOnly; SameSite=Lax' ],
338 verbose headers   'cf-ray': '624b2e738fafe825-LAX',
338 verbose headers   age: '4418',
338 verbose headers   'cache-control': 'public, max-age=300',
338 verbose headers   etag: 'W/"822ef766bf6db56adc2492f68a760e49"',
338 verbose headers   'last-modified': 'Wed, 19 Jun 2019 19:46:42 GMT',
338 verbose headers   vary: 'accept-encoding, accept',
338 verbose headers   'cf-cache-status': 'HIT',
338 verbose headers   'cf-request-id': '0862db5c350000e8257d15e000000001',
338 verbose headers   'expect-ct': 'max-age=604800, report-uri="https://report-uri.cloudflare.com/cdn-cgi/beacon/expect-ct"',
338 verbose headers   server: 'cloudflare',
338 verbose headers   'content-encoding': 'gzip' }
339 silly get cb [ 200,
339 silly get   { date: 'Sat, 20 Feb 2021 21:04:41 GMT',
339 silly get     'content-type': 'application/json',
339 silly get     'transfer-encoding': 'chunked',
339 silly get     connection: 'keep-alive',
339 silly get     'set-cookie':
339 silly get      [ '__cfduid=dae316b09d6b9f128bd6e2f35e653fa821613855081; expires=Mon, 22-Mar-21 21:04:41 GMT; path=/; domain=.npmjs.org; HttpOnly; SameSite=Lax' ],
339 silly get     'cf-ray': '624b2e738fafe825-LAX',
339 silly get     age: '4418',
339 silly get     'cache-control': 'public, max-age=300',
339 silly get     etag: 'W/"822ef766bf6db56adc2492f68a760e49"',
339 silly get     'last-modified': 'Wed, 19 Jun 2019 19:46:42 GMT',
339 silly get     vary: 'accept-encoding, accept',
339 silly get     'cf-cache-status': 'HIT',
339 silly get     'cf-request-id': '0862db5c350000e8257d15e000000001',
339 silly get     'expect-ct': 'max-age=604800, report-uri="https://report-uri.cloudflare.com/cdn-cgi/beacon/expect-ct"',
339 silly get     server: 'cloudflare',
339 silly get     'content-encoding': 'gzip' } ]
340 verbose get saving method-override to /home/kaka/.npm/registry.npmjs.org/method-override/.cache.json
341 silly mapToRegistry name connect-pause
342 silly mapToRegistry using default registry
343 silly mapToRegistry registry https://registry.npmjs.org/
344 silly mapToRegistry uri https://registry.npmjs.org/connect-pause
345 verbose addRemoteTarball https://registry.npmjs.org/connect-pause/-/connect-pause-0.1.1.tgz not in flight; adding
346 verbose addRemoteTarball [ 'https://registry.npmjs.org/connect-pause/-/connect-pause-0.1.1.tgz',
346 verbose addRemoteTarball   'b269b2bb82ddb1ac3db5099c0fb582aba99fb37a' ]
347 http 200 https://registry.npmjs.org/morgan
348 verbose headers { date: 'Sat, 20 Feb 2021 21:04:41 GMT',
348 verbose headers   'content-type': 'application/json',
348 verbose headers   'transfer-encoding': 'chunked',
348 verbose headers   connection: 'keep-alive',
348 verbose headers   'set-cookie':
348 verbose headers    [ '__cfduid=d0e0c6133ed6a961ea39eb94198ef05cd1613855081; expires=Mon, 22-Mar-21 21:04:41 GMT; path=/; domain=.npmjs.org; HttpOnly; SameSite=Lax' ],
348 verbose headers   'cf-ray': '624b2e73992d77fa-LAX',
348 verbose headers   age: '2771',
348 verbose headers   'cache-control': 'public, max-age=300',
348 verbose headers   etag: 'W/"f426cc89ff0a3e18d6a5f0ce7c52378e"',
348 verbose headers   'last-modified': 'Sun, 12 Jul 2020 14:11:04 GMT',
348 verbose headers   vary: 'accept-encoding, accept',
348 verbose headers   'cf-cache-status': 'HIT',
348 verbose headers   'cf-request-id': '0862db5c3e000077fa0eb41000000001',
348 verbose headers   'expect-ct': 'max-age=604800, report-uri="https://report-uri.cloudflare.com/cdn-cgi/beacon/expect-ct"',
348 verbose headers   server: 'cloudflare',
348 verbose headers   'content-encoding': 'gzip' }
349 silly get cb [ 200,
349 silly get   { date: 'Sat, 20 Feb 2021 21:04:41 GMT',
349 silly get     'content-type': 'application/json',
349 silly get     'transfer-encoding': 'chunked',
349 silly get     connection: 'keep-alive',
349 silly get     'set-cookie':
349 silly get      [ '__cfduid=d0e0c6133ed6a961ea39eb94198ef05cd1613855081; expires=Mon, 22-Mar-21 21:04:41 GMT; path=/; domain=.npmjs.org; HttpOnly; SameSite=Lax' ],
349 silly get     'cf-ray': '624b2e73992d77fa-LAX',
349 silly get     age: '2771',
349 silly get     'cache-control': 'public, max-age=300',
349 silly get     etag: 'W/"f426cc89ff0a3e18d6a5f0ce7c52378e"',
349 silly get     'last-modified': 'Sun, 12 Jul 2020 14:11:04 GMT',
349 silly get     vary: 'accept-encoding, accept',
349 silly get     'cf-cache-status': 'HIT',
349 silly get     'cf-request-id': '0862db5c3e000077fa0eb41000000001',
349 silly get     'expect-ct': 'max-age=604800, report-uri="https://report-uri.cloudflare.com/cdn-cgi/beacon/expect-ct"',
349 silly get     server: 'cloudflare',
349 silly get     'content-encoding': 'gzip' } ]
350 verbose get saving morgan to /home/kaka/.npm/registry.npmjs.org/morgan/.cache.json
351 verbose get https://registry.npmjs.org/express-urlrewrite not expired, no request
352 silly addNameRange number 2 { name: 'express-urlrewrite',
352 silly addNameRange   range: '>=1.3.0 <2.0.0',
352 silly addNameRange   hasData: true }
353 silly addNameRange versions [ 'express-urlrewrite',
353 silly addNameRange   [ '1.0.0', '1.1.0', '1.2.0', '1.3.0', '1.4.0' ] ]
354 silly addNamed express-urlrewrite@1.4.0
355 verbose addNamed "1.4.0" is a plain semver version for express-urlrewrite
356 silly resolveWithNewModule chalk@4.1.0 checking installable status
357 silly cache add args [ 'chalk@^4.1.0', null ]
358 verbose cache add spec chalk@^4.1.0
359 silly cache add parsed spec Result {
359 silly cache add   raw: 'chalk@^4.1.0',
359 silly cache add   scope: null,
359 silly cache add   name: 'chalk',
359 silly cache add   rawSpec: '^4.1.0',
359 silly cache add   spec: '>=4.1.0 <5.0.0',
359 silly cache add   type: 'range' }
360 silly addNamed chalk@>=4.1.0 <5.0.0
361 verbose addNamed ">=4.1.0 <5.0.0" is a valid semver range for chalk
362 silly addNameRange { name: 'chalk', range: '>=4.1.0 <5.0.0', hasData: false }
363 silly mapToRegistry name chalk
364 silly mapToRegistry using default registry
365 silly mapToRegistry registry https://registry.npmjs.org/
366 silly mapToRegistry uri https://registry.npmjs.org/chalk
367 verbose addNameRange registry:https://registry.npmjs.org/chalk not in flight; fetching
368 silly mapToRegistry name express-urlrewrite
369 silly mapToRegistry using default registry
370 silly mapToRegistry registry https://registry.npmjs.org/
371 silly mapToRegistry uri https://registry.npmjs.org/express-urlrewrite
372 verbose addRemoteTarball https://registry.npmjs.org/express-urlrewrite/-/express-urlrewrite-1.4.0.tgz not in flight; adding
373 verbose addRemoteTarball [ 'https://registry.npmjs.org/express-urlrewrite/-/express-urlrewrite-1.4.0.tgz',
373 verbose addRemoteTarball   '985ee022773bac7ed32126f1cf9ec8ee48e1290a' ]
374 silly resolveWithNewModule errorhandler@1.5.1 checking installable status
375 silly cache add args [ 'errorhandler@^1.5.1', null ]
376 verbose cache add spec errorhandler@^1.5.1
377 silly cache add parsed spec Result {
377 silly cache add   raw: 'errorhandler@^1.5.1',
377 silly cache add   scope: null,
377 silly cache add   name: 'errorhandler',
377 silly cache add   rawSpec: '^1.5.1',
377 silly cache add   spec: '>=1.5.1 <2.0.0',
377 silly cache add   type: 'range' }
378 silly addNamed errorhandler@>=1.5.1 <2.0.0
379 verbose addNamed ">=1.5.1 <2.0.0" is a valid semver range for errorhandler
380 silly addNameRange { name: 'errorhandler', range: '>=1.5.1 <2.0.0', hasData: false }
381 silly mapToRegistry name errorhandler
382 silly mapToRegistry using default registry
383 silly mapToRegistry registry https://registry.npmjs.org/
384 silly mapToRegistry uri https://registry.npmjs.org/errorhandler
385 verbose addNameRange registry:https://registry.npmjs.org/errorhandler not in flight; fetching
386 verbose get https://registry.npmjs.org/compression not expired, no request
387 silly addNameRange number 2 { name: 'compression', range: '>=1.7.4 <2.0.0', hasData: true }
388 silly addNameRange versions [ 'compression',
388 silly addNameRange   [ '1.0.0',
388 silly addNameRange     '1.0.1',
388 silly addNameRange     '1.0.2',
388 silly addNameRange     '1.0.3',
388 silly addNameRange     '1.0.4',
388 silly addNameRange     '1.0.5',
388 silly addNameRange     '1.0.6',
388 silly addNameRange     '1.0.7',
388 silly addNameRange     '1.0.8',
388 silly addNameRange     '1.0.9',
388 silly addNameRange     '1.0.10',
388 silly addNameRange     '1.0.11',
388 silly addNameRange     '1.1.0',
388 silly addNameRange     '1.1.1',
388 silly addNameRange     '1.1.2',
388 silly addNameRange     '1.2.0',
388 silly addNameRange     '1.2.1',
388 silly addNameRange     '1.2.2',
388 silly addNameRange     '1.3.0',
388 silly addNameRange     '1.3.1',
388 silly addNameRange     '1.4.0',
388 silly addNameRange     '1.4.1',
388 silly addNameRange     '1.4.2',
388 silly addNameRange     '1.4.3',
388 silly addNameRange     '1.4.4',
388 silly addNameRange     '1.5.0',
388 silly addNameRange     '1.5.1',
388 silly addNameRange     '1.5.2',
388 silly addNameRange     '1.6.0',
388 silly addNameRange     '1.6.1',
388 silly addNameRange     '1.6.2',
388 silly addNameRange     '1.7.0',
388 silly addNameRange     '1.7.1',
388 silly addNameRange     '1.7.2',
388 silly addNameRange     '1.7.3',
388 silly addNameRange     '1.7.4' ] ]
389 silly addNamed compression@1.7.4
390 verbose addNamed "1.7.4" is a plain semver version for compression
391 verbose get https://registry.npmjs.org/cors not expired, no request
392 silly addNameRange number 2 { name: 'cors', range: '>=2.8.5 <3.0.0', hasData: true }
393 silly addNameRange versions [ 'cors',
393 silly addNameRange   [ '0.0.1',
393 silly addNameRange     '0.0.2',
393 silly addNameRange     '0.0.3',
393 silly addNameRange     '0.0.4',
393 silly addNameRange     '0.0.5',
393 silly addNameRange     '0.1.0',
393 silly addNameRange     '0.1.1',
393 silly addNameRange     '1.0.0',
393 silly addNameRange     '1.0.1',
393 silly addNameRange     '2.0.0',
393 silly addNameRange     '2.1.0',
393 silly addNameRange     '2.1.1',
393 silly addNameRange     '2.2.0',
393 silly addNameRange     '2.3.0',
393 silly addNameRange     '2.3.1',
393 silly addNameRange     '2.3.2',
393 silly addNameRange     '2.4.0',
393 silly addNameRange     '2.4.1',
393 silly addNameRange     '2.4.2',
393 silly addNameRange     '2.5.0',
393 silly addNameRange     '2.5.1',
393 silly addNameRange     '2.5.2',
393 silly addNameRange     '2.5.3',
393 silly addNameRange     '2.6.0',
393 silly addNameRange     '2.6.1',
393 silly addNameRange     '2.7.0',
393 silly addNameRange     '2.7.1',
393 silly addNameRange     '2.7.2',
393 silly addNameRange     '2.8.0',
393 silly addNameRange     '2.8.1',
393 silly addNameRange     '2.8.2',
393 silly addNameRange     '2.8.3',
393 silly addNameRange     '2.8.4',
393 silly addNameRange     '2.8.5' ] ]
394 silly addNamed cors@2.8.5
395 verbose addNamed "2.8.5" is a plain semver version for cors
396 silly resolveWithNewModule lodash-id@0.14.0 checking installable status
397 silly cache add args [ 'lodash-id@^0.14.0', null ]
398 verbose cache add spec lodash-id@^0.14.0
399 silly cache add parsed spec Result {
399 silly cache add   raw: 'lodash-id@^0.14.0',
399 silly cache add   scope: null,
399 silly cache add   name: 'lodash-id',
399 silly cache add   rawSpec: '^0.14.0',
399 silly cache add   spec: '>=0.14.0 <0.15.0',
399 silly cache add   type: 'range' }
400 silly addNamed lodash-id@>=0.14.0 <0.15.0
401 verbose addNamed ">=0.14.0 <0.15.0" is a valid semver range for lodash-id
402 silly addNameRange { name: 'lodash-id', range: '>=0.14.0 <0.15.0', hasData: false }
403 silly mapToRegistry name lodash-id
404 silly mapToRegistry using default registry
405 silly mapToRegistry registry https://registry.npmjs.org/
406 silly mapToRegistry uri https://registry.npmjs.org/lodash-id
407 verbose addNameRange registry:https://registry.npmjs.org/lodash-id not in flight; fetching
408 silly resolveWithNewModule body-parser@1.19.0 checking installable status
409 silly cache add args [ 'body-parser@^1.19.0', null ]
410 verbose cache add spec body-parser@^1.19.0
411 silly cache add parsed spec Result {
411 silly cache add   raw: 'body-parser@^1.19.0',
411 silly cache add   scope: null,
411 silly cache add   name: 'body-parser',
411 silly cache add   rawSpec: '^1.19.0',
411 silly cache add   spec: '>=1.19.0 <2.0.0',
411 silly cache add   type: 'range' }
412 silly addNamed body-parser@>=1.19.0 <2.0.0
413 verbose addNamed ">=1.19.0 <2.0.0" is a valid semver range for body-parser
414 silly addNameRange { name: 'body-parser', range: '>=1.19.0 <2.0.0', hasData: false }
415 silly mapToRegistry name body-parser
416 silly mapToRegistry using default registry
417 silly mapToRegistry registry https://registry.npmjs.org/
418 silly mapToRegistry uri https://registry.npmjs.org/body-parser
419 verbose addNameRange registry:https://registry.npmjs.org/body-parser not in flight; fetching
420 info retry fetch attempt 1 at 1:04:43 PM
421 info attempt registry request try #1 at 1:04:43 PM
422 http fetch GET https://registry.npmjs.org/connect-pause/-/connect-pause-0.1.1.tgz
423 silly mapToRegistry name compression
424 silly mapToRegistry using default registry
425 silly mapToRegistry registry https://registry.npmjs.org/
426 silly mapToRegistry uri https://registry.npmjs.org/compression
427 verbose addRemoteTarball https://registry.npmjs.org/compression/-/compression-1.7.4.tgz not in flight; adding
428 verbose addRemoteTarball [ 'https://registry.npmjs.org/compression/-/compression-1.7.4.tgz',
428 verbose addRemoteTarball   '95523eff170ca57c29a0ca41e6fe131f41e5bb8f' ]
429 silly mapToRegistry name cors
430 silly mapToRegistry using default registry
431 silly mapToRegistry registry https://registry.npmjs.org/
432 silly mapToRegistry uri https://registry.npmjs.org/cors
433 verbose addRemoteTarball https://registry.npmjs.org/cors/-/cors-2.8.5.tgz not in flight; adding
434 verbose addRemoteTarball [ 'https://registry.npmjs.org/cors/-/cors-2.8.5.tgz',
434 verbose addRemoteTarball   'eac11da51592dd86b9f06f6e7ac293b3df875d29' ]
435 info retry fetch attempt 1 at 1:04:43 PM
436 info attempt registry request try #1 at 1:04:43 PM
437 http fetch GET https://registry.npmjs.org/express-urlrewrite/-/express-urlrewrite-1.4.0.tgz
438 verbose get https://registry.npmjs.org/chalk not expired, no request
439 silly addNameRange number 2 { name: 'chalk', range: '>=4.1.0 <5.0.0', hasData: true }
440 silly addNameRange versions [ 'chalk',
440 silly addNameRange   [ '0.1.0',
440 silly addNameRange     '0.1.1',
440 silly addNameRange     '0.2.0',
440 silly addNameRange     '0.2.1',
440 silly addNameRange     '0.3.0',
440 silly addNameRange     '0.4.0',
440 silly addNameRange     '0.5.0',
440 silly addNameRange     '0.5.1',
440 silly addNameRange     '1.0.0',
440 silly addNameRange     '1.1.0',
440 silly addNameRange     '1.1.1',
440 silly addNameRange     '1.1.2',
440 silly addNameRange     '1.1.3',
440 silly addNameRange     '2.0.0',
440 silly addNameRange     '2.0.1',
440 silly addNameRange     '2.1.0',
440 silly addNameRange     '2.2.0',
440 silly addNameRange     '2.2.2',
440 silly addNameRange     '2.3.0',
440 silly addNameRange     '2.3.1',
440 silly addNameRange     '2.3.2',
440 silly addNameRange     '2.4.0',
440 silly addNameRange     '2.4.1',
440 silly addNameRange     '2.4.2',
440 silly addNameRange     '3.0.0-beta.1',
440 silly addNameRange     '3.0.0-beta.2',
440 silly addNameRange     '3.0.0',
440 silly addNameRange     '4.0.0',
440 silly addNameRange     '4.1.0' ] ]
441 silly addNamed chalk@4.1.0
442 verbose addNamed "4.1.0" is a plain semver version for chalk
443 silly mapToRegistry name chalk
444 silly mapToRegistry using default registry
445 silly mapToRegistry registry https://registry.npmjs.org/
446 silly mapToRegistry uri https://registry.npmjs.org/chalk
447 verbose addRemoteTarball https://registry.npmjs.org/chalk/-/chalk-4.1.0.tgz not in flight; adding
448 verbose addRemoteTarball [ 'https://registry.npmjs.org/chalk/-/chalk-4.1.0.tgz',
448 verbose addRemoteTarball   '4e14870a618d9e2edd97dd8345fd9d9dc315646a' ]
449 http 200 https://registry.npmjs.org/server-destroy
450 verbose headers { date: 'Sat, 20 Feb 2021 21:04:41 GMT',
450 verbose headers   'content-type': 'application/json; charset=UTF-8',
450 verbose headers   'transfer-encoding': 'chunked',
450 verbose headers   connection: 'keep-alive',
450 verbose headers   'set-cookie':
450 verbose headers    [ '__cfduid=dc5afc2307ad37dfa6399a3e3d977dd9d1613855081; expires=Mon, 22-Mar-21 21:04:41 GMT; path=/; domain=.npmjs.org; HttpOnly; SameSite=Lax' ],
450 verbose headers   'cf-ray': '624b2e744daae502-LAX',
450 verbose headers   age: '5176',
450 verbose headers   'cache-control': 'public, max-age=300',
450 verbose headers   etag: 'W/"1fe3c29d2b8c9ee40cb851304a8a5ab3"',
450 verbose headers   'last-modified': 'Sun, 27 May 2018 17:01:54 GMT',
450 verbose headers   vary: 'accept-encoding, accept',
450 verbose headers   'cf-cache-status': 'HIT',
450 verbose headers   'cf-request-id': '0862db5ca80000e50286149000000001',
450 verbose headers   'expect-ct': 'max-age=604800, report-uri="https://report-uri.cloudflare.com/cdn-cgi/beacon/expect-ct"',
450 verbose headers   server: 'cloudflare',
450 verbose headers   'content-encoding': 'gzip' }
451 silly get cb [ 200,
451 silly get   { date: 'Sat, 20 Feb 2021 21:04:41 GMT',
451 silly get     'content-type': 'application/json; charset=UTF-8',
451 silly get     'transfer-encoding': 'chunked',
451 silly get     connection: 'keep-alive',
451 silly get     'set-cookie':
451 silly get      [ '__cfduid=dc5afc2307ad37dfa6399a3e3d977dd9d1613855081; expires=Mon, 22-Mar-21 21:04:41 GMT; path=/; domain=.npmjs.org; HttpOnly; SameSite=Lax' ],
451 silly get     'cf-ray': '624b2e744daae502-LAX',
451 silly get     age: '5176',
451 silly get     'cache-control': 'public, max-age=300',
451 silly get     etag: 'W/"1fe3c29d2b8c9ee40cb851304a8a5ab3"',
451 silly get     'last-modified': 'Sun, 27 May 2018 17:01:54 GMT',
451 silly get     vary: 'accept-encoding, accept',
451 silly get     'cf-cache-status': 'HIT',
451 silly get     'cf-request-id': '0862db5ca80000e50286149000000001',
451 silly get     'expect-ct': 'max-age=604800, report-uri="https://report-uri.cloudflare.com/cdn-cgi/beacon/expect-ct"',
451 silly get     server: 'cloudflare',
451 silly get     'content-encoding': 'gzip' } ]
452 verbose get saving server-destroy to /home/kaka/.npm/registry.npmjs.org/server-destroy/.cache.json
453 verbose get https://registry.npmjs.org/errorhandler not expired, no request
454 silly addNameRange number 2 { name: 'errorhandler', range: '>=1.5.1 <2.0.0', hasData: true }
455 silly addNameRange versions [ 'errorhandler',
455 silly addNameRange   [ '1.0.0',
455 silly addNameRange     '1.0.1',
455 silly addNameRange     '1.0.2',
455 silly addNameRange     '1.1.0',
455 silly addNameRange     '1.1.1',
455 silly addNameRange     '1.2.0',
455 silly addNameRange     '1.2.1',
455 silly addNameRange     '1.2.2',
455 silly addNameRange     '1.2.3',
455 silly addNameRange     '1.3.0',
455 silly addNameRange     '1.3.1',
455 silly addNameRange     '1.2.4',
455 silly addNameRange     '1.3.2',
455 silly addNameRange     '1.3.3',
455 silly addNameRange     '1.3.4',
455 silly addNameRange     '1.3.5',
455 silly addNameRange     '1.3.6',
455 silly addNameRange     '1.4.0',
455 silly addNameRange     '1.4.1',
455 silly addNameRange     '1.4.2',
455 silly addNameRange     '1.4.3',
455 silly addNameRange     '1.5.0',
455 silly addNameRange     '1.5.1' ] ]
456 silly addNamed errorhandler@1.5.1
457 verbose addNamed "1.5.1" is a plain semver version for errorhandler
458 http 200 https://registry.npmjs.org/nanoid
459 verbose headers { date: 'Sat, 20 Feb 2021 21:04:41 GMT',
459 verbose headers   'content-type': 'application/json',
459 verbose headers   'transfer-encoding': 'chunked',
459 verbose headers   connection: 'keep-alive',
459 verbose headers   'set-cookie':
459 verbose headers    [ '__cfduid=d75485ed3b51d558ed12b37f42eb61f751613855081; expires=Mon, 22-Mar-21 21:04:41 GMT; path=/; domain=.npmjs.org; HttpOnly; SameSite=Lax' ],
459 verbose headers   'cf-ray': '624b2e73a905d38e-LAX',
459 verbose headers   age: '6937',
459 verbose headers   'cache-control': 'public, max-age=300',
459 verbose headers   etag: 'W/"e83c568212883a97b193592474f5eaff"',
459 verbose headers   'last-modified': 'Tue, 01 Dec 2020 15:15:17 GMT',
459 verbose headers   vary: 'accept-encoding, accept',
459 verbose headers   'cf-cache-status': 'HIT',
459 verbose headers   'cf-request-id': '0862db5c450000d38ec9026000000001',
459 verbose headers   'expect-ct': 'max-age=604800, report-uri="https://report-uri.cloudflare.com/cdn-cgi/beacon/expect-ct"',
459 verbose headers   server: 'cloudflare',
459 verbose headers   'content-encoding': 'gzip' }
460 silly get cb [ 200,
460 silly get   { date: 'Sat, 20 Feb 2021 21:04:41 GMT',
460 silly get     'content-type': 'application/json',
460 silly get     'transfer-encoding': 'chunked',
460 silly get     connection: 'keep-alive',
460 silly get     'set-cookie':
460 silly get      [ '__cfduid=d75485ed3b51d558ed12b37f42eb61f751613855081; expires=Mon, 22-Mar-21 21:04:41 GMT; path=/; domain=.npmjs.org; HttpOnly; SameSite=Lax' ],
460 silly get     'cf-ray': '624b2e73a905d38e-LAX',
460 silly get     age: '6937',
460 silly get     'cache-control': 'public, max-age=300',
460 silly get     etag: 'W/"e83c568212883a97b193592474f5eaff"',
460 silly get     'last-modified': 'Tue, 01 Dec 2020 15:15:17 GMT',
460 silly get     vary: 'accept-encoding, accept',
460 silly get     'cf-cache-status': 'HIT',
460 silly get     'cf-request-id': '0862db5c450000d38ec9026000000001',
460 silly get     'expect-ct': 'max-age=604800, report-uri="https://report-uri.cloudflare.com/cdn-cgi/beacon/expect-ct"',
460 silly get     server: 'cloudflare',
460 silly get     'content-encoding': 'gzip' } ]
461 verbose get saving nanoid to /home/kaka/.npm/registry.npmjs.org/nanoid/.cache.json
462 info retry fetch attempt 1 at 1:04:43 PM
463 info attempt registry request try #1 at 1:04:43 PM
464 http fetch GET https://registry.npmjs.org/compression/-/compression-1.7.4.tgz
465 info retry fetch attempt 1 at 1:04:43 PM
466 info attempt registry request try #1 at 1:04:43 PM
467 http fetch GET https://registry.npmjs.org/cors/-/cors-2.8.5.tgz
468 silly resolveWithNewModule lodash@4.17.21 checking installable status
469 silly cache add args [ 'lodash@^4.17.20', null ]
470 verbose cache add spec lodash@^4.17.20
471 silly cache add parsed spec Result {
471 silly cache add   raw: 'lodash@^4.17.20',
471 silly cache add   scope: null,
471 silly cache add   name: 'lodash',
471 silly cache add   rawSpec: '^4.17.20',
471 silly cache add   spec: '>=4.17.20 <5.0.0',
471 silly cache add   type: 'range' }
472 silly addNamed lodash@>=4.17.20 <5.0.0
473 verbose addNamed ">=4.17.20 <5.0.0" is a valid semver range for lodash
474 silly addNameRange { name: 'lodash', range: '>=4.17.20 <5.0.0', hasData: false }
475 silly mapToRegistry name lodash
476 silly mapToRegistry using default registry
477 silly mapToRegistry registry https://registry.npmjs.org/
478 silly mapToRegistry uri https://registry.npmjs.org/lodash
479 verbose addNameRange registry:https://registry.npmjs.org/lodash not in flight; fetching
480 silly mapToRegistry name errorhandler
481 silly mapToRegistry using default registry
482 silly mapToRegistry registry https://registry.npmjs.org/
483 silly mapToRegistry uri https://registry.npmjs.org/errorhandler
484 verbose addRemoteTarball https://registry.npmjs.org/errorhandler/-/errorhandler-1.5.1.tgz not in flight; adding
485 verbose addRemoteTarball [ 'https://registry.npmjs.org/errorhandler/-/errorhandler-1.5.1.tgz',
485 verbose addRemoteTarball   'b9ba5d17cf90744cd1e851357a6e75bf806a9a91' ]
486 verbose get https://registry.npmjs.org/lodash-id not expired, no request
487 silly addNameRange number 2 { name: 'lodash-id', range: '>=0.14.0 <0.15.0', hasData: true }
488 silly addNameRange versions [ 'lodash-id', [ '0.13.0', '0.14.0' ] ]
489 silly addNamed lodash-id@0.14.0
490 verbose addNamed "0.14.0" is a plain semver version for lodash-id
491 verbose get https://registry.npmjs.org/body-parser not expired, no request
492 silly addNameRange number 2 { name: 'body-parser', range: '>=1.19.0 <2.0.0', hasData: true }
493 silly addNameRange versions [ 'body-parser',
493 silly addNameRange   [ '1.0.0',
493 silly addNameRange     '1.0.1',
493 silly addNameRange     '1.0.2',
493 silly addNameRange     '1.1.0',
493 silly addNameRange     '1.1.1',
493 silly addNameRange     '1.1.2',
493 silly addNameRange     '1.2.0',
493 silly addNameRange     '1.2.1',
493 silly addNameRange     '1.2.2',
493 silly addNameRange     '1.3.0',
493 silly addNameRange     '1.3.1',
493 silly addNameRange     '1.4.0',
493 silly addNameRange     '1.4.1',
493 silly addNameRange     '1.4.2',
493 silly addNameRange     '1.4.3',
493 silly addNameRange     '1.5.0',
493 silly addNameRange     '1.5.1',
493 silly addNameRange     '1.5.2',
493 silly addNameRange     '1.6.0',
493 silly addNameRange     '1.6.1',
493 silly addNameRange     '1.6.2',
493 silly addNameRange     '1.6.3',
493 silly addNameRange     '1.6.4',
493 silly addNameRange     '1.6.5',
493 silly addNameRange     '1.6.6',
493 silly addNameRange     '1.6.7',
493 silly addNameRange     '1.7.0',
493 silly addNameRange     '1.8.0',
493 silly addNameRange     '1.8.1',
493 silly addNameRange     '1.8.2',
493 silly addNameRange     '1.8.3',
493 silly addNameRange     '1.8.4',
493 silly addNameRange     '1.9.0',
493 silly addNameRange     '1.9.1',
493 silly addNameRange     '1.9.2',
493 silly addNameRange     '1.9.3',
493 silly addNameRange     '1.10.0',
493 silly addNameRange     '1.10.1',
493 silly addNameRange     '1.10.2',
493 silly addNameRange     '1.11.0',
493 silly addNameRange     '1.12.0',
493 silly addNameRange     '1.12.1',
493 silly addNameRange     '1.12.2',
493 silly addNameRange     '1.12.3',
493 silly addNameRange     '1.12.4',
493 silly addNameRange     '1.13.0',
493 silly addNameRange     '1.13.1',
493 silly addNameRange     '1.13.2',
493 silly addNameRange     '1.13.3',
493 silly addNameRange     '1.14.0',
493 silly addNameRange     '1.14.1',
493 silly addNameRange     '1.14.2',
493 silly addNameRange     '1.15.0',
493 silly addNameRange     '1.15.1',
493 silly addNameRange     '1.15.2',
493 silly addNameRange     '1.16.0',
493 silly addNameRange     '1.16.1',
493 silly addNameRange     '1.17.0',
493 silly addNameRange     '1.17.1',
493 silly addNameRange     '1.17.2',
493 silly addNameRange     '1.18.0',
493 silly addNameRange     '1.18.1',
493 silly addNameRange     '1.18.2',
493 silly addNameRange     '1.18.3',
493 silly addNameRange     '1.19.0' ] ]
494 silly addNamed body-parser@1.19.0
495 verbose addNamed "1.19.0" is a plain semver version for body-parser
496 silly resolveWithNewModule method-override@3.0.0 checking installable status
497 silly cache add args [ 'method-override@^3.0.0', null ]
498 verbose cache add spec method-override@^3.0.0
499 silly cache add parsed spec Result {
499 silly cache add   raw: 'method-override@^3.0.0',
499 silly cache add   scope: null,
499 silly cache add   name: 'method-override',
499 silly cache add   rawSpec: '^3.0.0',
499 silly cache add   spec: '>=3.0.0 <4.0.0',
499 silly cache add   type: 'range' }
500 silly addNamed method-override@>=3.0.0 <4.0.0
501 verbose addNamed ">=3.0.0 <4.0.0" is a valid semver range for method-override
502 silly addNameRange { name: 'method-override',
502 silly addNameRange   range: '>=3.0.0 <4.0.0',
502 silly addNameRange   hasData: false }
503 silly mapToRegistry name method-override
504 silly mapToRegistry using default registry
505 silly mapToRegistry registry https://registry.npmjs.org/
506 silly mapToRegistry uri https://registry.npmjs.org/method-override
507 verbose addNameRange registry:https://registry.npmjs.org/method-override not in flight; fetching
508 silly mapToRegistry name lodash-id
509 silly mapToRegistry using default registry
510 silly mapToRegistry registry https://registry.npmjs.org/
511 silly mapToRegistry uri https://registry.npmjs.org/lodash-id
512 verbose addRemoteTarball https://registry.npmjs.org/lodash-id/-/lodash-id-0.14.0.tgz not in flight; adding
513 verbose addRemoteTarball [ 'https://registry.npmjs.org/lodash-id/-/lodash-id-0.14.0.tgz',
513 verbose addRemoteTarball   'baf48934e543a1b5d6346f8c84698b1a8c803896' ]
514 silly mapToRegistry name body-parser
515 silly mapToRegistry using default registry
516 silly mapToRegistry registry https://registry.npmjs.org/
517 silly mapToRegistry uri https://registry.npmjs.org/body-parser
518 verbose addRemoteTarball https://registry.npmjs.org/body-parser/-/body-parser-1.19.0.tgz not in flight; adding
519 verbose addRemoteTarball [ 'https://registry.npmjs.org/body-parser/-/body-parser-1.19.0.tgz',
519 verbose addRemoteTarball   '96b2709e57c9c4e09a6fd66a8fd979844f69f08a' ]
520 http 200 https://registry.npmjs.org/update-notifier
521 verbose headers { date: 'Sat, 20 Feb 2021 21:04:41 GMT',
521 verbose headers   'content-type': 'application/json',
521 verbose headers   'transfer-encoding': 'chunked',
521 verbose headers   connection: 'keep-alive',
521 verbose headers   'set-cookie':
521 verbose headers    [ '__cfduid=d92024500494a012da8b929e16771fefa1613855081; expires=Mon, 22-Mar-21 21:04:41 GMT; path=/; domain=.npmjs.org; HttpOnly; SameSite=Lax' ],
521 verbose headers   'cf-ray': '624b2e741c0de815-LAX',
521 verbose headers   age: '6576',
521 verbose headers   'cache-control': 'public, max-age=300',
521 verbose headers   etag: 'W/"c7857952452880c2ad9b97ea3d45d802"',
521 verbose headers   'last-modified': 'Thu, 11 Feb 2021 00:49:20 GMT',
521 verbose headers   vary: 'accept-encoding, accept',
521 verbose headers   'cf-cache-status': 'HIT',
521 verbose headers   'cf-request-id': '0862db5c8d0000e81519340000000001',
521 verbose headers   'expect-ct': 'max-age=604800, report-uri="https://report-uri.cloudflare.com/cdn-cgi/beacon/expect-ct"',
521 verbose headers   server: 'cloudflare',
521 verbose headers   'content-encoding': 'gzip' }
522 silly get cb [ 200,
522 silly get   { date: 'Sat, 20 Feb 2021 21:04:41 GMT',
522 silly get     'content-type': 'application/json',
522 silly get     'transfer-encoding': 'chunked',
522 silly get     connection: 'keep-alive',
522 silly get     'set-cookie':
522 silly get      [ '__cfduid=d92024500494a012da8b929e16771fefa1613855081; expires=Mon, 22-Mar-21 21:04:41 GMT; path=/; domain=.npmjs.org; HttpOnly; SameSite=Lax' ],
522 silly get     'cf-ray': '624b2e741c0de815-LAX',
522 silly get     age: '6576',
522 silly get     'cache-control': 'public, max-age=300',
522 silly get     etag: 'W/"c7857952452880c2ad9b97ea3d45d802"',
522 silly get     'last-modified': 'Thu, 11 Feb 2021 00:49:20 GMT',
522 silly get     vary: 'accept-encoding, accept',
522 silly get     'cf-cache-status': 'HIT',
522 silly get     'cf-request-id': '0862db5c8d0000e81519340000000001',
522 silly get     'expect-ct': 'max-age=604800, report-uri="https://report-uri.cloudflare.com/cdn-cgi/beacon/expect-ct"',
522 silly get     server: 'cloudflare',
522 silly get     'content-encoding': 'gzip' } ]
523 verbose get saving update-notifier to /home/kaka/.npm/registry.npmjs.org/update-notifier/.cache.json
524 info retry fetch attempt 1 at 1:04:43 PM
525 info attempt registry request try #1 at 1:04:43 PM
526 http fetch GET https://registry.npmjs.org/chalk/-/chalk-4.1.0.tgz
527 silly resolveWithNewModule morgan@1.10.0 checking installable status
528 silly cache add args [ 'morgan@^1.10.0', null ]
529 verbose cache add spec morgan@^1.10.0
530 silly cache add parsed spec Result {
530 silly cache add   raw: 'morgan@^1.10.0',
530 silly cache add   scope: null,
530 silly cache add   name: 'morgan',
530 silly cache add   rawSpec: '^1.10.0',
530 silly cache add   spec: '>=1.10.0 <2.0.0',
530 silly cache add   type: 'range' }
531 silly addNamed morgan@>=1.10.0 <2.0.0
532 verbose addNamed ">=1.10.0 <2.0.0" is a valid semver range for morgan
533 silly addNameRange { name: 'morgan', range: '>=1.10.0 <2.0.0', hasData: false }
534 silly mapToRegistry name morgan
535 silly mapToRegistry using default registry
536 silly mapToRegistry registry https://registry.npmjs.org/
537 silly mapToRegistry uri https://registry.npmjs.org/morgan
538 verbose addNameRange registry:https://registry.npmjs.org/morgan not in flight; fetching
539 info retry fetch attempt 1 at 1:04:43 PM
540 info attempt registry request try #1 at 1:04:43 PM
541 http fetch GET https://registry.npmjs.org/errorhandler/-/errorhandler-1.5.1.tgz
542 verbose get https://registry.npmjs.org/lodash not expired, no request
543 silly addNameRange number 2 { name: 'lodash', range: '>=4.17.20 <5.0.0', hasData: true }
544 silly addNameRange versions [ 'lodash',
544 silly addNameRange   [ '0.1.0',
544 silly addNameRange     '0.2.0',
544 silly addNameRange     '0.2.1',
544 silly addNameRange     '0.2.2',
544 silly addNameRange     '0.3.0',
544 silly addNameRange     '0.3.1',
544 silly addNameRange     '0.3.2',
544 silly addNameRange     '0.4.0',
544 silly addNameRange     '0.4.1',
544 silly addNameRange     '0.4.2',
544 silly addNameRange     '0.5.0-rc.1',
544 silly addNameRange     '0.5.0',
544 silly addNameRange     '0.5.1',
544 silly addNameRange     '0.5.2',
544 silly addNameRange     '0.6.0',
544 silly addNameRange     '0.6.1',
544 silly addNameRange     '0.7.0',
544 silly addNameRange     '0.8.0',
544 silly addNameRange     '0.8.1',
544 silly addNameRange     '0.8.2',
544 silly addNameRange     '0.9.0',
544 silly addNameRange     '0.9.1',
544 silly addNameRange     '0.9.2',
544 silly addNameRange     '0.10.0',
544 silly addNameRange     '1.0.0-rc.1',
544 silly addNameRange     '1.0.0-rc.2',
544 silly addNameRange     '1.0.0-rc.3',
544 silly addNameRange     '1.0.0',
544 silly addNameRange     '1.0.1',
544 silly addNameRange     '1.1.0',
544 silly addNameRange     '1.1.1',
544 silly addNameRange     '1.2.0',
544 silly addNameRange     '1.2.1',
544 silly addNameRange     '1.3.0',
544 silly addNameRange     '1.3.1',
544 silly addNameRange     '2.0.0',
544 silly addNameRange     '2.1.0',
544 silly addNameRange     '2.2.0',
544 silly addNameRange     '2.2.1',
544 silly addNameRange     '2.3.0',
544 silly addNameRange     '2.4.0',
544 silly addNameRange     '2.4.1',
544 silly addNameRange     '3.0.0',
544 silly addNameRange     '3.0.1',
544 silly addNameRange     '3.1.0',
544 silly addNameRange     '3.2.0',
544 silly addNameRange     '3.3.0',
544 silly addNameRange     '3.3.1',
544 silly addNameRange     '3.4.0',
544 silly addNameRange     '3.5.0',
544 silly addNameRange     '3.6.0',
544 silly addNameRange     '1.0.2',
544 silly addNameRange     '3.7.0',
544 silly addNameRange     '2.4.2',
544 silly addNameRange     '3.8.0',
544 silly addNameRange     '3.9.0',
544 silly addNameRange     '3.9.1',
544 silly addNameRange     '3.9.2',
544 silly addNameRange     '3.9.3',
544 silly addNameRange     '3.10.0',
544 silly addNameRange     '3.10.1',
544 silly addNameRange     '4.0.0',
544 silly addNameRange     '4.0.1',
544 silly addNameRange     '4.1.0',
544 silly addNameRange     '4.2.0',
544 silly addNameRange     '4.2.1',
544 silly addNameRange     '4.3.0',
544 silly addNameRange     '4.4.0',
544 silly addNameRange     '4.5.0',
544 silly addNameRange     '4.5.1',
544 silly addNameRange     '4.6.0',
544 silly addNameRange     '4.6.1',
544 silly addNameRange     '4.7.0',
544 silly addNameRange     '4.8.0',
544 silly addNameRange     '4.8.1',
544 silly addNameRange     '4.8.2',
544 silly addNameRange     '4.9.0',
544 silly addNameRange     '4.10.0',
544 silly addNameRange     '4.11.0',
544 silly addNameRange     '4.11.1',
544 silly addNameRange     '4.11.2',
544 silly addNameRange     '4.12.0',
544 silly addNameRange     '4.13.0',
544 silly addNameRange     '4.13.1',
544 silly addNameRange     '4.14.0',
544 silly addNameRange     '4.14.1',
544 silly addNameRange     '4.14.2',
544 silly addNameRange     '4.15.0',
544 silly addNameRange     '4.16.0',
544 silly addNameRange     '4.16.1',
544 silly addNameRange     '4.16.2',
544 silly addNameRange     '4.16.3',
544 silly addNameRange     '4.16.4',
544 silly addNameRange     '4.16.5',
544 silly addNameRange     '4.16.6',
544 silly addNameRange     '4.17.0',
544 silly addNameRange     '4.17.1',
544 silly addNameRange     '4.17.2',
544 silly addNameRange     '4.17.3',
544 silly addNameRange     '4.17.4',
544 silly addNameRange     ... 14 more items ] ]
545 silly addNamed lodash@4.17.21
546 verbose addNamed "4.17.21" is a plain semver version for lodash
547 info retry fetch attempt 1 at 1:04:43 PM
548 info attempt registry request try #1 at 1:04:43 PM
549 http fetch GET https://registry.npmjs.org/body-parser/-/body-parser-1.19.0.tgz
550 info retry fetch attempt 1 at 1:04:43 PM
551 info attempt registry request try #1 at 1:04:43 PM
552 http fetch GET https://registry.npmjs.org/lodash-id/-/lodash-id-0.14.0.tgz
553 silly mapToRegistry name lodash
554 silly mapToRegistry using default registry
555 silly mapToRegistry registry https://registry.npmjs.org/
556 silly mapToRegistry uri https://registry.npmjs.org/lodash
557 verbose addRemoteTarball https://registry.npmjs.org/lodash/-/lodash-4.17.21.tgz not in flight; adding
558 verbose addRemoteTarball [ 'https://registry.npmjs.org/lodash/-/lodash-4.17.21.tgz',
558 verbose addRemoteTarball   '679591c564c3bffaae8454cf0b3df370c3d6911c' ]
559 http 200 https://registry.npmjs.org/json-parse-helpfulerror
560 verbose headers { date: 'Sat, 20 Feb 2021 21:04:41 GMT',
560 verbose headers   'content-type': 'application/json; charset=UTF-8',
560 verbose headers   'transfer-encoding': 'chunked',
560 verbose headers   connection: 'keep-alive',
560 verbose headers   'set-cookie':
560 verbose headers    [ '__cfduid=d5803469908b20ec67bd58cc9b93d358b1613855081; expires=Mon, 22-Mar-21 21:04:41 GMT; path=/; domain=.npmjs.org; HttpOnly; SameSite=Lax' ],
560 verbose headers   'cf-ray': '624b2e735cace7c9-LAX',
560 verbose headers   'cache-control': 'public, max-age=300',
560 verbose headers   etag: 'W/"185e5fdcd54d038e89a7140a396d4cbd"',
560 verbose headers   'last-modified': 'Sun, 27 May 2018 05:39:58 GMT',
560 verbose headers   vary: 'accept-encoding, accept',
560 verbose headers   'cf-cache-status': 'EXPIRED',
560 verbose headers   'cf-request-id': '0862db5c180000e7c93d205000000001',
560 verbose headers   'expect-ct': 'max-age=604800, report-uri="https://report-uri.cloudflare.com/cdn-cgi/beacon/expect-ct"',
560 verbose headers   server: 'cloudflare',
560 verbose headers   'content-encoding': 'gzip' }
561 silly get cb [ 200,
561 silly get   { date: 'Sat, 20 Feb 2021 21:04:41 GMT',
561 silly get     'content-type': 'application/json; charset=UTF-8',
561 silly get     'transfer-encoding': 'chunked',
561 silly get     connection: 'keep-alive',
561 silly get     'set-cookie':
561 silly get      [ '__cfduid=d5803469908b20ec67bd58cc9b93d358b1613855081; expires=Mon, 22-Mar-21 21:04:41 GMT; path=/; domain=.npmjs.org; HttpOnly; SameSite=Lax' ],
561 silly get     'cf-ray': '624b2e735cace7c9-LAX',
561 silly get     'cache-control': 'public, max-age=300',
561 silly get     etag: 'W/"185e5fdcd54d038e89a7140a396d4cbd"',
561 silly get     'last-modified': 'Sun, 27 May 2018 05:39:58 GMT',
561 silly get     vary: 'accept-encoding, accept',
561 silly get     'cf-cache-status': 'EXPIRED',
561 silly get     'cf-request-id': '0862db5c180000e7c93d205000000001',
561 silly get     'expect-ct': 'max-age=604800, report-uri="https://report-uri.cloudflare.com/cdn-cgi/beacon/expect-ct"',
561 silly get     server: 'cloudflare',
561 silly get     'content-encoding': 'gzip' } ]
562 verbose get saving json-parse-helpfulerror to /home/kaka/.npm/registry.npmjs.org/json-parse-helpfulerror/.cache.json
563 verbose get https://registry.npmjs.org/method-override not expired, no request
564 silly addNameRange number 2 { name: 'method-override',
564 silly addNameRange   range: '>=3.0.0 <4.0.0',
564 silly addNameRange   hasData: true }
565 silly addNameRange versions [ 'method-override',
565 silly addNameRange   [ '1.0.0',
565 silly addNameRange     '1.0.1',
565 silly addNameRange     '1.0.2',
565 silly addNameRange     '2.0.0',
565 silly addNameRange     '2.0.1',
565 silly addNameRange     '2.0.2',
565 silly addNameRange     '2.1.0',
565 silly addNameRange     '2.1.1',
565 silly addNameRange     '2.1.2',
565 silly addNameRange     '2.1.3',
565 silly addNameRange     '2.2.0',
565 silly addNameRange     '2.3.0',
565 silly addNameRange     '2.3.1',
565 silly addNameRange     '2.3.2',
565 silly addNameRange     '2.3.3',
565 silly addNameRange     '2.3.4',
565 silly addNameRange     '2.3.5',
565 silly addNameRange     '2.3.6',
565 silly addNameRange     '2.3.7',
565 silly addNameRange     '2.3.8',
565 silly addNameRange     '2.3.9',
565 silly addNameRange     '2.3.10',
565 silly addNameRange     '3.0.0' ] ]
566 silly addNamed method-override@3.0.0
567 verbose addNamed "3.0.0" is a plain semver version for method-override
568 http 200 https://registry.npmjs.org/please-upgrade-node
569 verbose headers { date: 'Sat, 20 Feb 2021 21:04:41 GMT',
569 verbose headers   'content-type': 'application/json',
569 verbose headers   'transfer-encoding': 'chunked',
569 verbose headers   connection: 'keep-alive',
569 verbose headers   'set-cookie':
569 verbose headers    [ '__cfduid=d5cc50f4b820b778c9823341b085f10e61613855081; expires=Mon, 22-Mar-21 21:04:41 GMT; path=/; domain=.npmjs.org; HttpOnly; SameSite=Lax' ],
569 verbose headers   'cf-ray': '624b2e73fca0e7d5-LAX',
569 verbose headers   age: '1953',
569 verbose headers   'cache-control': 'public, max-age=300',
569 verbose headers   etag: 'W/"6645529e56c3966dd1c6c8430a6f2d7c"',
569 verbose headers   'last-modified': 'Thu, 08 Aug 2019 12:06:58 GMT',
569 verbose headers   vary: 'accept-encoding, accept',
569 verbose headers   'cf-cache-status': 'HIT',
569 verbose headers   'cf-request-id': '0862db5c7f0000e7d5b38d1000000001',
569 verbose headers   'expect-ct': 'max-age=604800, report-uri="https://report-uri.cloudflare.com/cdn-cgi/beacon/expect-ct"',
569 verbose headers   server: 'cloudflare',
569 verbose headers   'content-encoding': 'gzip' }
570 silly get cb [ 200,
570 silly get   { date: 'Sat, 20 Feb 2021 21:04:41 GMT',
570 silly get     'content-type': 'application/json',
570 silly get     'transfer-encoding': 'chunked',
570 silly get     connection: 'keep-alive',
570 silly get     'set-cookie':
570 silly get      [ '__cfduid=d5cc50f4b820b778c9823341b085f10e61613855081; expires=Mon, 22-Mar-21 21:04:41 GMT; path=/; domain=.npmjs.org; HttpOnly; SameSite=Lax' ],
570 silly get     'cf-ray': '624b2e73fca0e7d5-LAX',
570 silly get     age: '1953',
570 silly get     'cache-control': 'public, max-age=300',
570 silly get     etag: 'W/"6645529e56c3966dd1c6c8430a6f2d7c"',
570 silly get     'last-modified': 'Thu, 08 Aug 2019 12:06:58 GMT',
570 silly get     vary: 'accept-encoding, accept',
570 silly get     'cf-cache-status': 'HIT',
570 silly get     'cf-request-id': '0862db5c7f0000e7d5b38d1000000001',
570 silly get     'expect-ct': 'max-age=604800, report-uri="https://report-uri.cloudflare.com/cdn-cgi/beacon/expect-ct"',
570 silly get     server: 'cloudflare',
570 silly get     'content-encoding': 'gzip' } ]
571 verbose get saving please-upgrade-node to /home/kaka/.npm/registry.npmjs.org/please-upgrade-node/.cache.json
572 silly mapToRegistry name method-override
573 silly mapToRegistry using default registry
574 silly mapToRegistry registry https://registry.npmjs.org/
575 silly mapToRegistry uri https://registry.npmjs.org/method-override
576 verbose addRemoteTarball https://registry.npmjs.org/method-override/-/method-override-3.0.0.tgz not in flight; adding
577 verbose addRemoteTarball [ 'https://registry.npmjs.org/method-override/-/method-override-3.0.0.tgz',
577 verbose addRemoteTarball   '6ab0d5d574e3208f15b0c9cf45ab52000468d7a2' ]
578 verbose get https://registry.npmjs.org/morgan not expired, no request
579 silly addNameRange number 2 { name: 'morgan', range: '>=1.10.0 <2.0.0', hasData: true }
580 silly addNameRange versions [ 'morgan',
580 silly addNameRange   [ '1.0.0',
580 silly addNameRange     '1.0.1',
580 silly addNameRange     '1.1.0',
580 silly addNameRange     '1.1.1',
580 silly addNameRange     '1.2.0',
580 silly addNameRange     '1.2.1',
580 silly addNameRange     '1.2.2',
580 silly addNameRange     '1.2.3',
580 silly addNameRange     '1.3.0',
580 silly addNameRange     '1.3.1',
580 silly addNameRange     '1.3.2',
580 silly addNameRange     '1.4.0',
580 silly addNameRange     '1.4.1',
580 silly addNameRange     '1.5.0',
580 silly addNameRange     '1.5.1',
580 silly addNameRange     '1.5.2',
580 silly addNameRange     '1.5.3',
580 silly addNameRange     '1.6.0',
580 silly addNameRange     '1.6.1',
580 silly addNameRange     '1.7.0',
580 silly addNameRange     '1.8.0',
580 silly addNameRange     '1.8.1',
580 silly addNameRange     '1.8.2',
580 silly addNameRange     '1.9.0',
580 silly addNameRange     '1.9.1',
580 silly addNameRange     '1.10.0' ] ]
581 silly addNamed morgan@1.10.0
582 verbose addNamed "1.10.0" is a plain semver version for morgan
583 http fetch 200 https://registry.npmjs.org/connect-pause/-/connect-pause-0.1.1.tgz
584 http fetch 200 https://registry.npmjs.org/express-urlrewrite/-/express-urlrewrite-1.4.0.tgz
585 http fetch 200 https://registry.npmjs.org/cors/-/cors-2.8.5.tgz
586 http fetch 200 https://registry.npmjs.org/errorhandler/-/errorhandler-1.5.1.tgz
587 silly resolveWithNewModule server-destroy@1.0.1 checking installable status
588 silly cache add args [ 'server-destroy@^1.0.1', null ]
589 verbose cache add spec server-destroy@^1.0.1
590 silly cache add parsed spec Result {
590 silly cache add   raw: 'server-destroy@^1.0.1',
590 silly cache add   scope: null,
590 silly cache add   name: 'server-destroy',
590 silly cache add   rawSpec: '^1.0.1',
590 silly cache add   spec: '>=1.0.1 <2.0.0',
590 silly cache add   type: 'range' }
591 silly addNamed server-destroy@>=1.0.1 <2.0.0
592 verbose addNamed ">=1.0.1 <2.0.0" is a valid semver range for server-destroy
593 silly addNameRange { name: 'server-destroy',
593 silly addNameRange   range: '>=1.0.1 <2.0.0',
593 silly addNameRange   hasData: false }
594 silly mapToRegistry name server-destroy
595 silly mapToRegistry using default registry
596 silly mapToRegistry registry https://registry.npmjs.org/
597 silly mapToRegistry uri https://registry.npmjs.org/server-destroy
598 verbose addNameRange registry:https://registry.npmjs.org/server-destroy not in flight; fetching
599 verbose stack Error: Missing required argument #1
599 verbose stack     at andLogAndFinish (/usr/share/npm/lib/fetch-package-metadata.js:31:3)
599 verbose stack     at fetchPackageMetadata (/usr/share/npm/lib/fetch-package-metadata.js:51:22)
599 verbose stack     at resolveWithNewModule (/usr/share/npm/lib/install/deps.js:456:12)
599 verbose stack     at /usr/share/npm/lib/install/deps.js:457:7
599 verbose stack     at /usr/share/npm/node_modules/iferr/index.js:13:50
599 verbose stack     at /usr/share/npm/lib/fetch-package-metadata.js:37:12
599 verbose stack     at addRequestedAndFinish (/usr/share/npm/lib/fetch-package-metadata.js:82:5)
599 verbose stack     at returnAndAddMetadata (/usr/share/npm/lib/fetch-package-metadata.js:117:7)
599 verbose stack     at pickVersionFromRegistryDocument (/usr/share/npm/lib/fetch-package-metadata.js:134:20)
599 verbose stack     at /usr/share/npm/node_modules/iferr/index.js:13:50
600 verbose cwd /mnt/c/Users/Keshab/Desktop/CSE 110/Lab7/Lab7
601 error Linux 4.4.0-19041-Microsoft
602 error argv "/usr/bin/node" "/usr/bin/npm" "install" "-g" "json-server"
603 error node v8.10.0
604 error npm  v3.5.2
605 error code EMISSINGARG
606 error typeerror Error: Missing required argument #1
606 error typeerror     at andLogAndFinish (/usr/share/npm/lib/fetch-package-metadata.js:31:3)
606 error typeerror     at fetchPackageMetadata (/usr/share/npm/lib/fetch-package-metadata.js:51:22)
606 error typeerror     at resolveWithNewModule (/usr/share/npm/lib/install/deps.js:456:12)
606 error typeerror     at /usr/share/npm/lib/install/deps.js:457:7
606 error typeerror     at /usr/share/npm/node_modules/iferr/index.js:13:50
606 error typeerror     at /usr/share/npm/lib/fetch-package-metadata.js:37:12
606 error typeerror     at addRequestedAndFinish (/usr/share/npm/lib/fetch-package-metadata.js:82:5)
606 error typeerror     at returnAndAddMetadata (/usr/share/npm/lib/fetch-package-metadata.js:117:7)
606 error typeerror     at pickVersionFromRegistryDocument (/usr/share/npm/lib/fetch-package-metadata.js:134:20)
606 error typeerror     at /usr/share/npm/node_modules/iferr/index.js:13:50
607 error typeerror This is an error with npm itself. Please report this error at:
607 error typeerror     <http://github.com/npm/npm/issues>
608 verbose exit [ 1, true ]
